         4930424 function calls (4927563 primitive calls) in 11.058 seconds

   Ordered by: cumulative time

   ncalls  tottime  percall  cumtime  percall filename:lineno(function)
    135/1    0.001    0.000   11.058   11.058 {built-in method builtins.exec}
        1    0.000    0.000   11.058   11.058 <string>:1(<module>)
        1    0.000    0.000   11.058   11.058 runpy.py:195(run_module)
        1    0.000    0.000   10.978   10.978 runpy.py:62(_run_code)
        1    0.080    0.080   10.978   10.978 __main__.py:24(<module>)
        1    3.643    3.643   10.260   10.260 {built-in method exec_}
       57    0.001    0.000    6.349    0.111 zmq_client.py:991(_reqAsyncHandleResponse)
       57    0.000    0.000    6.347    0.111 zmq_client.py:1240(<lambda>)
       57    0.052    0.001    6.347    0.111 zmq_client.py:831(_process)
       29    0.001    0.000    6.252    0.216 zmq_client.py:979(_reqAsyncCheckResponse)
     6865    0.109    0.000    5.838    0.001 zmq_client.py:714(decode)
    75450    0.108    0.000    5.541    0.000 zmq_client.py:260(decodeReadRep)
    82304    0.232    0.000    5.253    0.000 zmq_client.py:400(set)
192017/191754    3.614    0.000    5.145    0.000 {method 'emit' of 'PySide2.QtCore.SignalInstance' objects}
   318462    0.701    0.000    1.046    0.000 __main__.py:74(data)
    82304    0.343    0.000    0.614    0.000 zmq_client.py:277(_decode)
   636902    0.342    0.000    0.510    0.000 __main__.py:69(rowCount)
      146    0.454    0.003    0.455    0.003 socket.py:465(recv_multipart)
       60    0.001    0.000    0.351    0.006 zmq_client.py:935(req)
       13    0.000    0.000    0.300    0.023 zmq_client.py:657(add)
       13    0.000    0.000    0.268    0.021 zmq_client.py:778(_update)
        1    0.000    0.000    0.245    0.245 zmq_client.py:1558(restoreState)
        1    0.000    0.000    0.245    0.245 <string>:2(<module>)
       70    0.001    0.000    0.239    0.003 zmq_client.py:1229(stream)
       11    0.000    0.000    0.232    0.021 zmq_client.py:553(poll)
       11    0.000    0.000    0.232    0.021 zmq_client.py:1453(poll)
       11    0.000    0.000    0.232    0.021 zmq_client.py:1503(_trace)
        1    0.000    0.000    0.206    0.206 zmq_client.py:1006(_aboutToQuit)
        1    0.000    0.000    0.206    0.206 zmq_client.py:1002(_reqAsyncFlush)
   109188    0.102    0.000    0.184    0.000 zmq_client.py:47(_receive)
        1    0.160    0.160    0.166    0.166 {method 'load' of 'PySide2.QtQml.QQmlApplicationEngine' objects}
     6864    0.052    0.000    0.165    0.000 csv.py:41(write)
2157/1972    0.003    0.000    0.157    0.000 {built-in method builtins.__import__}
   955364    0.156    0.000    0.156    0.000 {method 'isValid' of 'PySide2.QtCore.QModelIndex' objects}
    182/7    0.001    0.000    0.154    0.022 <frozen importlib._bootstrap>:978(_find_and_load)
    182/7    0.000    0.000    0.154    0.022 <frozen importlib._bootstrap>:948(_find_and_load_unlocked)
    160/8    0.001    0.000    0.153    0.019 <frozen importlib._bootstrap>:663(_load_unlocked)
   263/11    0.000    0.000    0.152    0.014 <frozen importlib._bootstrap>:211(_call_with_frames_removed)
      759    0.003    0.000    0.150    0.000 zmq_client.py:56(_emit)
        1    0.000    0.000    0.143    0.143 zmq_client.py:873(__init__)
        1    0.000    0.000    0.142    0.142 zmq_client.py:736(__init__)
    116/6    0.000    0.000    0.123    0.021 <frozen importlib._bootstrap_external>:722(exec_module)
   636924    0.102    0.000    0.102    0.000 {method 'row' of 'PySide2.QtCore.QModelIndex' objects}
2110/1978    0.007    0.000    0.088    0.000 __feature__.py:105(_import)
        2    0.000    0.000    0.081    0.040 __init__.py:24(<module>)
    75447    0.053    0.000    0.081    0.000 zmq_client.py:162(isInt)
      2/1    0.000    0.000    0.080    0.080 runpy.py:102(_get_module_details)
     6876    0.079    0.000    0.079    0.000 {method 'writerow' of '_csv.writer' objects}
       14    0.000    0.000    0.079    0.006 __init__.py:1(<module>)
   192109    0.075    0.000    0.075    0.000 zmq_client.py:159(isFixed)
     6857    0.051    0.000    0.064    0.000 zmq_client.py:268(_decodeHex)
688574/688203    0.059    0.000    0.059    0.000 {built-in method builtins.len}
  160/158    0.000    0.000    0.054    0.000 <frozen importlib._bootstrap>:576(module_from_spec)
    23/22    0.000    0.000    0.049    0.002 <frozen importlib._bootstrap_external>:1040(create_module)
    23/22    0.049    0.002    0.049    0.002 {built-in method _imp.create_dynamic}
        1    0.000    0.000    0.038    0.038 zmq_server.py:19(<module>)
     2138    0.002    0.000    0.038    0.000 re.py:271(_compile)
        1    0.000    0.000    0.037    0.037 __init__.py:2(<module>)
       13    0.000    0.000    0.037    0.003 zmq_client.py:1254(acquireAlias)
   157019    0.036    0.000    0.036    0.000 zmq_client.py:428(t)
        1    0.000    0.000    0.036    0.036 natsort.py:12(<module>)
       62    0.000    0.000    0.035    0.001 sre_compile.py:759(compile)
       13    0.000    0.000    0.035    0.003 zmq_client.py:208(shortName)
       13    0.000    0.000    0.034    0.003 zmq_client.py:1337(_setAlias)
    34291    0.023    0.000    0.033    0.000 zmq_client.py:165(isSigned)
       53    0.000    0.000    0.033    0.001 re.py:232(compile)
        1    0.000    0.000    0.033    0.033 utils.py:5(<module>)
       12    0.000    0.000    0.032    0.003 zmq_client.py:1307(_acquireAlias)
       13    0.000    0.000    0.032    0.002 zmq_client.py:684(_update)
       13    0.000    0.000    0.032    0.002 zmq_client.py:1432(assignMacro)
       11    0.000    0.000    0.032    0.003 zmq_client.py:696(run)
        1    0.000    0.000    0.032    0.032 zmq_client.py:19(<module>)
      117    0.001    0.000    0.032    0.000 <frozen importlib._bootstrap_external>:793(get_code)
      968    0.003    0.000    0.031    0.000 zmq_client.py:432(tString)
    75438    0.019    0.000    0.029    0.000 csv.py:46(<lambda>)
    91257    0.029    0.000    0.029    0.000 {built-in method builtins.isinstance}
    82315    0.025    0.000    0.025    0.000 {method 'decode' of 'bytes' objects}
      961    0.013    0.000    0.024    0.000 {method 'strftime' of 'datetime.date' objects}
       62    0.000    0.000    0.023    0.000 sre_parse.py:913(parse)
  377/236    0.000    0.000    0.022    0.000 <frozen importlib._bootstrap>:1009(_handle_fromlist)
   147/62    0.000    0.000    0.022    0.000 sre_parse.py:411(_parse_sub)
   170/66    0.009    0.000    0.022    0.000 sre_parse.py:469(_parse)
       12    0.002    0.000    0.020    0.002 zmq_client.py:1121(find)
       58    0.000    0.000    0.019    0.000 zmq_client.py:1012(time)
       17    0.000    0.000    0.019    0.001 <frozen importlib._bootstrap_external>:785(source_to_code)
       17    0.019    0.001    0.019    0.001 {built-in method builtins.compile}
       11    0.000    0.000    0.018    0.002 zmq_client.py:590(_pollFast)
       11    0.000    0.000    0.018    0.002 zmq_client.py:597(_pollSetFlag)
     6854    0.006    0.000    0.015    0.000 zmq_client.py:1078(timestampToTime)
       91    0.001    0.000    0.014    0.000 __main__.py:43(lessThan)
        1    0.000    0.000    0.014    0.014 __init__.py:7(_load_libzmq)
    13833    0.014    0.000    0.014    0.000 {method 'split' of 'bytes' objects}
        1    0.000    0.000    0.014    0.014 __init__.py:36(_setupQtDirectories)
       91    0.000    0.000    0.013    0.000 natsort.py:189(natsorted)
     6865    0.013    0.000    0.013    0.000 zmq_client.py:716(<listcomp>)
      103    0.000    0.000    0.012    0.000 {built-in method builtins.sorted}
       62    0.000    0.000    0.012    0.000 sre_compile.py:598(_code)
      182    0.001    0.000    0.012    0.000 utils.py:262(_natsort_key)
      178    0.001    0.000    0.011    0.000 <frozen importlib._bootstrap>:882(_find_spec)
        1    0.000    0.000    0.011    0.011 platform.py:10(<module>)
    13715    0.011    0.000    0.011    0.000 {built-in method _struct.unpack}
    13721    0.011    0.000    0.011    0.000 {built-in method _struct.pack}
       11    0.000    0.000    0.010    0.001 __main__.py:63(<lambda>)
       11    0.000    0.000    0.010    0.001 __main__.py:65(_pollingChanged)
   336/62    0.001    0.000    0.010    0.000 sre_compile.py:71(_compile)
    75438    0.010    0.000    0.010    0.000 csv.py:38(<lambda>)
      157    0.000    0.000    0.010    0.000 <frozen importlib._bootstrap_external>:1272(find_spec)
       14    0.000    0.000    0.010    0.001 zmq_client.py:1109(_list_init)
     6854    0.010    0.000    0.010    0.000 zmq_client.py:1064(<lambda>)
      157    0.001    0.000    0.010    0.000 <frozen importlib._bootstrap_external>:1240(_get_spec)
    41142    0.009    0.000    0.009    0.000 {method 'append' of 'bytearray' objects}
      182    0.000    0.000    0.009    0.000 utils.py:152(_number_extracter)
      305    0.002    0.000    0.008    0.000 <frozen importlib._bootstrap_external>:1356(find_spec)
        1    0.000    0.000    0.008    0.008 select.py:25(select_backend)
    13726    0.007    0.000    0.007    0.000 {built-in method math.isnan}
       12    0.000    0.000    0.007    0.001 csv.py:32(restart)
        2    0.000    0.000    0.007    0.003 {_init_pyside_extension}
        1    0.000    0.000    0.007    0.007 (builtin):65(bootstrap)
     6857    0.007    0.000    0.007    0.000 {method 'partition' of 'bytearray' objects}
       11    0.000    0.000    0.007    0.001 csv.py:18(add)
  303/300    0.004    0.000    0.007    0.000 {built-in method builtins.__build_class__}
        3    0.000    0.000    0.007    0.002 zmq_client.py:1096(capabilities)
      137    0.005    0.000    0.007    0.000 sre_compile.py:276(_optimize_charset)
        2    0.001    0.000    0.007    0.003 {method 'sort' of 'PySide2.QtCore.QSortFilterProxyModel' objects}
      117    0.006    0.000    0.006    0.000 socket.py:357(send)
      100    0.000    0.000    0.006    0.000 <frozen importlib._bootstrap_external>:523(_compile_bytecode)
        1    0.000    0.000    0.006    0.006 __init__.py:10(<module>)
      100    0.006    0.000    0.006    0.000 {built-in method marshal.loads}
        1    0.000    0.000    0.006    0.006 zmq_client.py:229(read)
        1    0.000    0.000    0.006    0.006 zmq_client.py:252(_read)
      182    0.000    0.000    0.006    0.000 utils.py:164(<listcomp>)
        1    0.000    0.000    0.006    0.006 loader.py:43(<module>)
      279    0.000    0.000    0.006    0.000 locale_help.py:43(locale_convert)
    12332    0.003    0.000    0.006    0.000 sre_parse.py:254(get)
      114    0.001    0.000    0.006    0.000 zmq_client.py:971(_reqAsyncSendNext)
       14    0.005    0.000    0.005    0.000 {built-in method io.open}
        1    0.000    0.000    0.005    0.005 subprocess.py:42(<module>)
       57    0.000    0.000    0.005    0.000 zmq_client.py:950(reqAsync)
        2    0.000    0.000    0.005    0.003 zmq_client.py:1188(identification)
        1    0.000    0.000    0.005    0.005 client.py:3(<module>)
    23/22    0.000    0.000    0.005    0.000 <frozen importlib._bootstrap_external>:1048(exec_module)
    23/22    0.000    0.000    0.005    0.000 {built-in method _imp.exec_dynamic}
      990    0.000    0.000    0.004    0.000 re.py:175(fullmatch)
     6934    0.004    0.000    0.004    0.000 {built-in method time.time}
       14    0.000    0.000    0.004    0.000 zmq_client.py:784(_updateTracing)
     6857    0.004    0.000    0.004    0.000 {method 'decode' of 'bytearray' objects}
        1    0.000    0.000    0.004    0.004 context.py:2(<module>)
        1    0.000    0.000    0.003    0.003 socket.py:2(<module>)
    12624    0.003    0.000    0.003    0.000 sre_parse.py:233(__next)
     2141    0.001    0.000    0.003    0.000 {method 'join' of 'str' objects}
        1    0.000    0.000    0.003    0.003 zmq_client.py:630(__init__)
        1    0.000    0.000    0.003    0.003 zmq_client.py:1407(acquireMacro)
      961    0.003    0.000    0.003    0.000 {built-in method fromtimestamp}
       59    0.000    0.000    0.003    0.000 zmq_client.py:824(process)
      210    0.000    0.000    0.003    0.000 locale_help.py:26(groupletters)
        1    0.000    0.000    0.003    0.003 socket.py:47(<module>)
        7    0.000    0.000    0.003    0.000 enum.py:633(_convert)
      693    0.000    0.000    0.003    0.000 <frozen importlib._bootstrap_external>:74(_path_stat)
        1    0.000    0.000    0.003    0.003 jsonapi.py:13(<module>)
       16    0.000    0.000    0.003    0.000 zmq_client.py:115(listResponseDecode)
       15    0.001    0.000    0.003    0.000 zmq_client.py:81(__init__)
      721    0.003    0.000    0.003    0.000 {built-in method posix.stat}
        1    0.000    0.000    0.003    0.003 zmq_client.py:1341(_reassignAlias)
        1    0.000    0.000    0.003    0.003 pathlib.py:2(<module>)
        1    0.000    0.000    0.002    0.002 zipfile.py:5(<module>)
        1    0.000    0.000    0.002    0.002 threading.py:1(<module>)
      160    0.001    0.000    0.002    0.000 <frozen importlib._bootstrap>:504(_init_module_attrs)
      134    0.001    0.000    0.002    0.000 <frozen importlib._bootstrap_external>:914(get_data)
      182    0.002    0.000    0.002    0.000 {method 'split' of 're.Pattern' objects}
      461    0.000    0.000    0.002    0.000 locale.py:108(localeconv)
      141    0.000    0.000    0.002    0.000 enum.py:284(__call__)
        1    0.000    0.000    0.002    0.002 __init__.py:97(<module>)
     6883    0.002    0.000    0.002    0.000 {method 'values' of 'dict' objects}
     1578    0.001    0.000    0.002    0.000 <frozen importlib._bootstrap_external>:56(_path_join)
      461    0.002    0.000    0.002    0.000 {built-in method _locale.localeconv}
      991    0.000    0.000    0.002    0.000 re.py:185(sub)
     4567    0.001    0.000    0.002    0.000 locale_help.py:28(<genexpr>)
        1    0.000    0.000    0.002    0.002 pathlib.py:1(<module>)
        1    0.000    0.000    0.002    0.002 inspect.py:27(<module>)
        1    0.000    0.000    0.002    0.002 zmq_client.py:1196(version)
        7    0.000    0.000    0.002    0.000 enum.py:389(_create_)
       30    0.001    0.000    0.002    0.000 zmq_client.py:36(__init__)
        1    0.000    0.000    0.002    0.002 shutil.py:5(<module>)
     7013    0.002    0.000    0.002    0.000 zmq_client.py:653(client)
    30172    0.002    0.000    0.002    0.000 {method 'append' of 'list' objects}
  398/124    0.001    0.000    0.002    0.000 sre_parse.py:174(getwidth)
        1    0.000    0.000    0.002    0.002 traceback.py:1(<module>)
       78    0.002    0.000    0.002    0.000 {method 'connect' of 'PySide2.QtCore.SignalInstance' objects}
      525    0.002    0.000    0.002    0.000 zmq_client.py:479(valueString)
       16    0.001    0.000    0.002    0.000 __init__.py:316(namedtuple)
        8    0.001    0.000    0.002    0.000 enum.py:135(__new__)
       21    0.000    0.000    0.001    0.000 sre_compile.py:411(_mk_bitmap)
        1    0.000    0.000    0.001    0.001 linecache.py:6(<module>)
       62    0.000    0.000    0.001    0.000 sre_compile.py:536(_compile_info)
       21    0.000    0.000    0.001    0.000 <frozen importlib._bootstrap>:740(create_module)
      234    0.001    0.000    0.001    0.000 <frozen importlib._bootstrap_external>:271(cache_from_source)
       21    0.001    0.000    0.001    0.000 {built-in method _imp.create_builtin}
        1    0.000    0.000    0.001    0.001 random.py:38(<module>)
      137    0.001    0.000    0.001    0.000 sre_compile.py:249(_compile_charset)
    11706    0.001    0.000    0.001    0.000 sre_parse.py:249(match)
      182    0.000    0.000    0.001    0.000 <frozen importlib._bootstrap>:147(__enter__)
     2365    0.001    0.000    0.001    0.000 {method 'split' of 'str' objects}
       62    0.000    0.000    0.001    0.000 sre_parse.py:96(closegroup)
       21    0.001    0.000    0.001    0.000 sre_compile.py:413(<listcomp>)
      256    0.000    0.000    0.001    0.000 <frozen importlib._bootstrap>:403(cached)
        1    0.000    0.000    0.001    0.001 decoder.py:2(<module>)
        1    0.000    0.000    0.001    0.001 typing.py:19(<module>)
      115    0.001    0.000    0.001    0.000 {method 'setEnabled' of 'PySide2.QtCore.QSocketNotifier' objects}
        1    0.000    0.000    0.001    0.001 tokenize.py:21(<module>)
      254    0.000    0.000    0.001    0.000 <frozen importlib._bootstrap_external>:84(_path_is_mode_type)
      991    0.000    0.000    0.001    0.000 re.py:252(escape)
        1    0.001    0.001    0.001    0.001 unicode_numbers.py:4(<module>)
     2342    0.001    0.000    0.001    0.000 sre_parse.py:164(__getitem__)
      213    0.000    0.000    0.001    0.000 <frozen importlib._bootstrap_external>:93(_path_isfile)
       11    0.001    0.000    0.001    0.000 {method 'close' of '_io.TextIOWrapper' objects}
        1    0.000    0.000    0.001    0.001 protocol.py:17(<module>)
      140    0.000    0.000    0.001    0.000 <frozen importlib._bootstrap_external>:369(_get_cached)
        1    0.000    0.000    0.001    0.001 pickle.py:24(<module>)
        1    0.000    0.000    0.001    0.001 datetime.py:5(<module>)
        1    0.000    0.000    0.001    0.001 fastnumbers.py:2(<module>)
        1    0.000    0.000    0.001    0.001 signal.py:1(<module>)
     1578    0.001    0.000    0.001    0.000 <frozen importlib._bootstrap_external>:58(<listcomp>)
     4357    0.001    0.000    0.001    0.000 locale.py:55(_low)
      781    0.001    0.000    0.001    0.000 {built-in method builtins.min}
      118    0.001    0.000    0.001    0.000 {method 'read' of '_io.FileIO' objects}
     4970    0.001    0.000    0.001    0.000 {method 'get' of 'dict' objects}
      236    0.000    0.000    0.001    0.000 __init__.py:1356(debug)
        1    0.000    0.000    0.001    0.001 __init__.py:3(<module>)
     2136    0.001    0.000    0.001    0.000 {built-in method sys._getframe}
        1    0.000    0.000    0.001    0.001 argparse.py:1634(__init__)
      243    0.001    0.000    0.001    0.000 <frozen importlib._bootstrap>:157(_get_module_lock)
      263    0.001    0.000    0.001    0.000 {method 'start' of 'PySide2.QtCore.QTimer' objects}
      141    0.000    0.000    0.001    0.000 <frozen importlib._bootstrap_external>:1351(_get_spec)
       17    0.000    0.000    0.001    0.000 <frozen importlib._bootstrap_external>:956(_cache_bytecode)
        7    0.000    0.000    0.001    0.000 enum.py:654(<listcomp>)
        1    0.000    0.000    0.001    0.001 hashlib.py:54(<module>)
        1    0.000    0.000    0.001    0.001 dis.py:1(<module>)
        1    0.000    0.000    0.001    0.001 string.py:15(<module>)
      160    0.000    0.000    0.001    0.000 <frozen importlib._bootstrap>:318(__exit__)
    11501    0.001    0.000    0.001    0.000 {built-in method builtins.ord}
        1    0.000    0.000    0.001    0.001 csv.py:1(<module>)
       14    0.000    0.000    0.001    0.000 zmq_client.py:200(_alias_set)
       29    0.000    0.000    0.001    0.000 error.py:26(__init__)
     2031    0.001    0.000    0.001    0.000 {built-in method builtins.hasattr}
        1    0.000    0.000    0.001    0.001 mapping.py:40(<module>)
        1    0.000    0.000    0.001    0.001 parse.py:28(<module>)
      536    0.000    0.000    0.001    0.000 {built-in method builtins.any}
      373    0.000    0.000    0.001    0.000 <frozen importlib._bootstrap_external>:1203(_path_importer_cache)
        1    0.000    0.000    0.001    0.001 scanner.py:2(<module>)
        1    0.000    0.000    0.001    0.001 selectors.py:5(<module>)
        1    0.000    0.000    0.001    0.001 string.py:65(__init__)
      106    0.000    0.000    0.001    0.000 sre_parse.py:408(_uniq)
       24    0.000    0.000    0.001    0.000 <frozen importlib._bootstrap_external>:1404(_fill_cache)
        1    0.000    0.000    0.001    0.001 constants.py:1(<module>)
      233    0.001    0.000    0.001    0.000 {method 'stop' of 'PySide2.QtCore.QTimer' objects}
       17    0.000    0.000    0.001    0.000 <frozen importlib._bootstrap_external>:961(set_data)
      991    0.001    0.000    0.001    0.000 {method 'translate' of 'str' objects}
       17    0.000    0.000    0.001    0.000 <frozen importlib._bootstrap_external>:536(_code_to_timestamp_pyc)
      279    0.000    0.000    0.001    0.000 fake_fastnumbers.py:27(fast_float)
        1    0.001    0.001    0.001    0.001 datetime.py:1509(datetime)
      142    0.000    0.000    0.001    0.000 <frozen importlib._bootstrap_external>:574(spec_from_file_location)
       51    0.000    0.000    0.001    0.000 typing.py:603(__init__)
     1486    0.001    0.000    0.001    0.000 {built-in method builtins.getattr}
        1    0.000    0.000    0.001    0.001 locale_help.py:6(<module>)
        1    0.000    0.000    0.001    0.001 serialposix.py:30(<module>)
     1547    0.001    0.000    0.001    0.000 zmq_client.py:111(name)
       62    0.000    0.000    0.001    0.000 enum.py:836(__and__)
        1    0.000    0.000    0.001    0.001 bz2.py:5(<module>)
       24    0.001    0.000    0.001    0.000 {built-in method posix.listdir}
        1    0.000    0.000    0.001    0.001 importhandler.py:40(<module>)
      182    0.000    0.000    0.001    0.000 <frozen importlib._bootstrap>:151(__exit__)
       10    0.001    0.000    0.001    0.000 {method 'flush' of '_io.TextIOWrapper' objects}
       24    0.000    0.000    0.001    0.000 <frozen importlib._bootstrap_external>:1190(_path_hooks)
      163    0.001    0.000    0.001    0.000 {built-in method __new__ of type object at 0xa26aa0}
      237    0.000    0.000    0.001    0.000 __init__.py:1614(isEnabledFor)
        1    0.000    0.000    0.000    0.000 fake_fastnumbers.py:6(<module>)
      574    0.000    0.000    0.000    0.000 {built-in method _locale.strxfrm}
      991    0.000    0.000    0.000    0.000 {method 'sub' of 're.Pattern' objects}
      106    0.000    0.000    0.000    0.000 {built-in method fromkeys}
     1682    0.000    0.000    0.000    0.000 <frozen importlib._bootstrap>:222(_verbose_message)
      243    0.000    0.000    0.000    0.000 <frozen importlib._bootstrap>:78(acquire)
       17    0.000    0.000    0.000    0.000 {built-in method marshal.dumps}
        1    0.000    0.000    0.000    0.000 encoder.py:2(<module>)
      104    0.000    0.000    0.000    0.000 re.py:170(match)
        7    0.000    0.000    0.000    0.000 argparse.py:1337(add_argument)
       19    0.000    0.000    0.000    0.000 abc.py:125(__new__)
      117    0.000    0.000    0.000    0.000 <frozen importlib._bootstrap_external>:951(path_stats)
       17    0.000    0.000    0.000    0.000 <frozen importlib._bootstrap_external>:105(_write_atomic)
      243    0.000    0.000    0.000    0.000 <frozen importlib._bootstrap>:103(release)
        1    0.000    0.000    0.000    0.000 ntpath.py:6(<module>)
      990    0.000    0.000    0.000    0.000 {method 'fullmatch' of 're.Pattern' objects}
      124    0.000    0.000    0.000    0.000 enum.py:70(__setitem__)
       38    0.000    0.000    0.000    0.000 typing.py:1193(_alias)
        1    0.000    0.000    0.000    0.000 csv.py:4(<module>)
      406    0.000    0.000    0.000    0.000 typing.py:704(__setattr__)
        1    0.000    0.000    0.000    0.000 __main__.py:59(__init__)
        1    0.000    0.000    0.000    0.000 zmq_client.py:1539(saveState)
     3044    0.000    0.000    0.000    0.000 {method 'startswith' of 'str' objects}
        1    0.000    0.000    0.000    0.000 argparse.py:62(<module>)
        1    0.000    0.000    0.000    0.000 context.py:212(socket)
        2    0.000    0.000    0.000    0.000 {method 'setSourceModel' of 'PySide2.QtCore.QSortFilterProxyModel' objects}
       24    0.000    0.000    0.000    0.000 <frozen importlib._bootstrap_external>:1445(path_hook_for_FileFinder)
        1    0.000    0.000    0.000    0.000 socket.py:58(__init__)
        3    0.000    0.000    0.000    0.000 posixpath.py:391(realpath)
      182    0.000    0.000    0.000    0.000 utils.py:115(_args_to_enum)
        1    0.000    0.000    0.000    0.000 opcode.py:5(<module>)
        1    0.000    0.000    0.000    0.000 csv.py:7(__init__)
       61    0.000    0.000    0.000    0.000 <frozen importlib._bootstrap>:194(_lock_unlock_module)
      101    0.000    0.000    0.000    0.000 <frozen importlib._bootstrap_external>:438(_classify_pyc)
        1    0.000    0.000    0.000    0.000 pickle.py:181(<listcomp>)
        1    0.000    0.000    0.000    0.000 lzma.py:9(<module>)
     4539    0.000    0.000    0.000    0.000 {method 'casefold' of 'str' objects}
        1    0.000    0.000    0.000    0.000 crcmod.py:36(<module>)
        3    0.000    0.000    0.000    0.000 gettext.py:639(gettext)
        3    0.000    0.000    0.000    0.000 gettext.py:600(dgettext)
    14/13    0.000    0.000    0.000    0.000 typing.py:248(inner)
       26    0.000    0.000    0.000    0.000 zmq_client.py:171(typeName)
        3    0.000    0.000    0.000    0.000 gettext.py:529(translation)
      182    0.000    0.000    0.000    0.000 locale.py:50(dumb_sort)
      178    0.000    0.000    0.000    0.000 <frozen importlib._bootstrap>:719(find_spec)
     3396    0.000    0.000    0.000    0.000 {method 'rstrip' of 'str' objects}
      252    0.000    0.000    0.000    0.000 <frozen importlib._bootstrap_external>:62(_path_split)
        1    0.000    0.000    0.000    0.000 copy.py:49(<module>)
      758    0.000    0.000    0.000    0.000 sre_parse.py:160(__len__)
      707    0.000    0.000    0.000    0.000 sre_parse.py:172(append)
      392    0.000    0.000    0.000    0.000 {method 'match' of 're.Pattern' objects}
        3    0.000    0.000    0.000    0.000 argparse.py:1256(__init__)
      182    0.000    0.000    0.000    0.000 <frozen importlib._bootstrap>:176(cb)
        3    0.000    0.000    0.000    0.000 gettext.py:474(find)
        7    0.000    0.000    0.000    0.000 argparse.py:2475(_get_formatter)
        3    0.000    0.000    0.000    0.000 posixpath.py:400(_joinrealpath)
        7    0.000    0.000    0.000    0.000 argparse.py:168(__init__)
      168    0.000    0.000    0.000    0.000 sre_compile.py:423(_simple)
      329    0.000    0.000    0.000    0.000 {built-in method builtins.setattr}
    80/58    0.000    0.000    0.000    0.000 sre_compile.py:461(_get_literal_prefix)
        1    0.000    0.000    0.000    0.000 stdio2zmq.py:19(<module>)
       14    0.000    0.000    0.000    0.000 hashlib.py:116(__get_openssl_constructor)
     1220    0.000    0.000    0.000    0.000 {method 'rpartition' of 'str' objects}
      507    0.000    0.000    0.000    0.000 sre_parse.py:286(tell)
        1    0.000    0.000    0.000    0.000 argparse.py:1763(parse_args)
        1    0.000    0.000    0.000    0.000 argparse.py:1770(parse_known_args)
       41    0.000    0.000    0.000    0.000 zmq_client.py:498(_format_set)
      182    0.000    0.000    0.000    0.000 <frozen importlib._bootstrap>:58(__init__)
       17    0.000    0.000    0.000    0.000 {built-in method posix.open}
        1    0.000    0.000    0.000    0.000 unicode_numbers.py:180(<listcomp>)
        2    0.000    0.000    0.000    0.000 {built-in method builtins.next}
        1    0.000    0.000    0.000    0.000 argparse.py:1805(_parse_known_args)
        1    0.000    0.000    0.000    0.000 contextlib.py:107(__enter__)
        2    0.000    0.000    0.000    0.000 (builtin):79(ensure_shibokensupport)
      461    0.000    0.000    0.000    0.000 utils.py:340(<genexpr>)
        8    0.000    0.000    0.000    0.000 enum.py:177(<setcomp>)
       91    0.000    0.000    0.000    0.000 natsort.py:138(natsort_keygen)
      159    0.000    0.000    0.000    0.000 enum.py:376(__setattr__)
      492    0.000    0.000    0.000    0.000 <frozen importlib._bootstrap>:859(__exit__)
      134    0.000    0.000    0.000    0.000 enum.py:526(__new__)
      302    0.000    0.000    0.000    0.000 <frozen importlib._bootstrap_external>:51(_r_long)
      101    0.000    0.000    0.000    0.000 <frozen importlib._bootstrap_external>:471(_validate_timestamp_pyc)
       63    0.000    0.000    0.000    0.000 sre_parse.py:224(__init__)
       61    0.000    0.000    0.000    0.000 posixpath.py:75(join)
        2    0.000    0.000    0.000    0.000 util.py:73(find_spec)
      492    0.000    0.000    0.000    0.000 <frozen importlib._bootstrap>:855(__enter__)
        2    0.000    0.000    0.000    0.000 argparse.py:1873(consume_optional)
       92    0.000    0.000    0.000    0.000 sre_parse.py:343(_escape)
      406    0.000    0.000    0.000    0.000 typing.py:590(_is_dunder)
       73    0.000    0.000    0.000    0.000 {method 'pop' of 'list' objects}
       24    0.000    0.000    0.000    0.000 <frozen importlib._bootstrap_external>:1319(__init__)
       41    0.000    0.000    0.000    0.000 <frozen importlib._bootstrap_external>:98(_path_isdir)
      134    0.000    0.000    0.000    0.000 {method 'encode' of 'str' objects}
       67    0.000    0.000    0.000    0.000 zmq_client.py:531(formats)
        1    0.000    0.000    0.000    0.000 __init__.py:259(_reset_cache)
        1    0.000    0.000    0.000    0.000 locale.py:2(<module>)
      220    0.000    0.000    0.000    0.000 constants.py:54(_add_constant)
        8    0.000    0.000    0.000    0.000 hashlib.py:73(__get_builtin_constructor)
      182    0.000    0.000    0.000    0.000 {method 'swapcase' of 'str' objects}
        2    0.000    0.000    0.000    0.000 argparse.py:2080(_match_argument)
      357    0.000    0.000    0.000    0.000 sre_parse.py:111(__init__)
      196    0.000    0.000    0.000    0.000 {method 'extend' of 'list' objects}
      740    0.000    0.000    0.000    0.000 fake_fastnumbers.py:53(isfloat)
       62    0.000    0.000    0.000    0.000 {built-in method _sre.compile}
     1219    0.000    0.000    0.000    0.000 {built-in method unicodedata.numeric}
      531    0.000    0.000    0.000    0.000 {method 'endswith' of 'str' objects}
        1    0.000    0.000    0.000    0.000 layout.py:40(<module>)
      363    0.000    0.000    0.000    0.000 socket.py:76(<lambda>)
       17    0.000    0.000    0.000    0.000 <frozen importlib._bootstrap_external>:381(_calc_mode)
        5    0.000    0.000    0.000    0.000 enum.py:830(__or__)
       23    0.000    0.000    0.000    0.000 sre_compile.py:432(_generate_overlap_table)
       14    0.000    0.000    0.000    0.000 _bootlocale.py:33(getpreferredencoding)
      211    0.000    0.000    0.000    0.000 <frozen importlib._bootstrap>:416(parent)
        1    0.000    0.000    0.000    0.000 predefined.py:33(<module>)
       29    0.000    0.000    0.000    0.000 posixpath.py:168(islink)
      366    0.000    0.000    0.000    0.000 socket.py:91(<lambda>)
      179    0.000    0.000    0.000    0.000 <frozen importlib._bootstrap>:369(__init__)
       21    0.000    0.000    0.000    0.000 <frozen importlib._bootstrap>:433(spec_from_loader)
      118    0.000    0.000    0.000    0.000 <frozen importlib._bootstrap_external>:401(_check_name_wrapper)
       30    0.000    0.000    0.000    0.000 zmq_client.py:245(event)
        1    0.000    0.000    0.000    0.000 tagmap.py:1(<module>)
      365    0.000    0.000    0.000    0.000 socket.py:86(<lambda>)
      917    0.000    0.000    0.000    0.000 {built-in method _imp.acquire_lock}
     1531    0.000    0.000    0.000    0.000 {method 'isupper' of 'str' objects}
      131    0.000    0.000    0.000    0.000 {method 'format' of 'str' objects}
      364    0.000    0.000    0.000    0.000 socket.py:81(<lambda>)
        1    0.000    0.000    0.000    0.000 tempfile.py:24(<module>)
      917    0.000    0.000    0.000    0.000 {built-in method _imp.release_lock}
        1    0.000    0.000    0.000    0.000 error.py:1(<module>)
       11    0.000    0.000    0.000    0.000 zmq_client.py:854(__len__)
       12    0.000    0.000    0.000    0.000 datetime.py:473(__new__)
        1    0.000    0.000    0.000    0.000 serialutil.py:10(<module>)
      157    0.000    0.000    0.000    0.000 <frozen importlib._bootstrap>:792(find_spec)
      117    0.000    0.000    0.000    0.000 {method 'join' of 'bytes' objects}
        4    0.000    0.000    0.000    0.000 loader.py:112(finish_import)
      116    0.000    0.000    0.000    0.000 <frozen importlib._bootstrap>:35(_new_module)
       62    0.000    0.000    0.000    0.000 sre_parse.py:84(opengroup)
        2    0.000    0.000    0.000    0.000 zmq_client.py:1576(defaultStateFile)
      453    0.000    0.000    0.000    0.000 {method 'find' of 'bytearray' objects}
        3    0.000    0.000    0.000    0.000 enum.py:793(_missing_)
     1251    0.000    0.000    0.000    0.000 {built-in method builtins.chr}
      160    0.000    0.000    0.000    0.000 <frozen importlib._bootstrap>:311(__enter__)
       29    0.000    0.000    0.000    0.000 {built-in method posix.lstat}
      182    0.000    0.000    0.000    0.000 {method 'sourceModel' of 'PySide2.QtCore.QAbstractProxyModel' objects}
        3    0.000    0.000    0.000    0.000 enum.py:800(_create_pseudo_member_)
       91    0.000    0.000    0.000    0.000 {built-in method _imp.is_builtin}
        4    0.000    0.000    0.000    0.000 typing.py:621(__getitem__)
     1219    0.000    0.000    0.000    0.000 {built-in method unicodedata.digit}
        8    0.000    0.000    0.000    0.000 enum.py:125(__prepare__)
       17    0.000    0.000    0.000    0.000 functools.py:37(update_wrapper)
      640    0.000    0.000    0.000    0.000 <frozen importlib._bootstrap>:321(<genexpr>)
      160    0.000    0.000    0.000    0.000 <frozen importlib._bootstrap>:307(__init__)
        4    0.000    0.000    0.000    0.000 importhandler.py:65(finish_import)
        1    0.000    0.000    0.000    0.000 struct.py:3(<module>)
        1    0.000    0.000    0.000    0.000 {built-in method posix.replace}
       27    0.000    0.000    0.000    0.000 genericpath.py:16(exists)
      466    0.000    0.000    0.000    0.000 {built-in method posix.fspath}
        3    0.000    0.000    0.000    0.000 tokenize.py:132(_all_string_prefixes)
        1    0.000    0.000    0.000    0.000 layout.py:134(define_nameless_parameter)
        5    0.000    0.000    0.000    0.000 posixpath.py:376(abspath)
       35    0.000    0.000    0.000    0.000 sre_compile.py:492(_get_charset_prefix)
      302    0.000    0.000    0.000    0.000 {built-in method from_bytes}
      487    0.000    0.000    0.000    0.000 {built-in method _thread.get_ident}
       91    0.000    0.000    0.000    0.000 {method 'sortCaseSensitivity' of 'PySide2.QtCore.QSortFilterProxyModel' objects}
        3    0.000    0.000    0.000    0.000 enum.py:872(_decompose)
       12    0.000    0.000    0.000    0.000 csv.py:39(<listcomp>)
      3/2    0.000    0.000    0.000    0.000 typing.py:340(__getitem__)
      175    0.000    0.000    0.000    0.000 sre_parse.py:168(__setitem__)
       66    0.000    0.000    0.000    0.000 csv.py:33(<lambda>)
       23    0.000    0.000    0.000    0.000 enum.py:442(_get_mixins_)
      124    0.000    0.000    0.000    0.000 sre_compile.py:595(isstring)
      248    0.000    0.000    0.000    0.000 sre_parse.py:81(groups)
        1    0.000    0.000    0.000    0.000 os.py:196(makedirs)
        1    0.000    0.000    0.000    0.000 os.py:40(_get_exports_list)
       21    0.000    0.000    0.000    0.000 {method 'translate' of 'bytearray' objects}
       19    0.000    0.000    0.000    0.000 {built-in method _abc._abc_init}
        4    0.000    0.000    0.000    0.000 typing.py:819(__class_getitem__)
        1    0.000    0.000    0.000    0.000 _endian.py:1(<module>)
      369    0.000    0.000    0.000    0.000 {built-in method _thread.allocate_lock}
        5    0.000    0.000    0.000    0.000 typing.py:633(copy_with)
      182    0.000    0.000    0.000    0.000 <frozen importlib._bootstrap>:143(__init__)
        8    0.000    0.000    0.000    0.000 enum.py:474(_find_new_)
       48    0.000    0.000    0.000    0.000 sre_parse.py:295(_class_escape)
       62    0.000    0.000    0.000    0.000 sre_parse.py:897(fix_flags)
       51    0.000    0.000    0.000    0.000 <frozen importlib._bootstrap_external>:46(_w_long)
       56    0.000    0.000    0.000    0.000 typing.py:165(_collect_type_vars)
      182    0.000    0.000    0.000    0.000 {method 'sortRole' of 'PySide2.QtCore.QSortFilterProxyModel' objects}
        5    0.000    0.000    0.000    0.000 posixpath.py:338(normpath)
        1    0.000    0.000    0.000    0.000 error.py:100(__init__)
        4    0.000    0.000    0.000    0.000 typing.py:180(_subs_tvars)
      100    0.000    0.000    0.000    0.000 {built-in method _imp._fix_co_filename}
      124    0.000    0.000    0.000    0.000 enum.py:26(_is_dunder)
       14    0.000    0.000    0.000    0.000 {built-in method _locale.nl_langinfo}
        1    0.000    0.000    0.000    0.000 zmq_client.py:71(Object)
       20    0.000    0.000    0.000    0.000 os.py:674(__getitem__)
      412    0.000    0.000    0.000    0.000 {method 'add' of 'set' objects}
      157    0.000    0.000    0.000    0.000 {built-in method _imp.is_frozen}
      107    0.000    0.000    0.000    0.000 sre_compile.py:65(_combine_flags)
       12    0.000    0.000    0.000    0.000 {built-in method _csv.writer}
        4    0.000    0.000    0.000    0.000 typing.py:241(_tp_cache)
        1    0.000    0.000    0.000    0.000 typing.py:1571(BinaryIO)
        1    0.000    0.000    0.000    0.000 _compat_pickle.py:9(<module>)
       71    0.000    0.000    0.000    0.000 types.py:164(__get__)
        1    0.000    0.000    0.000    0.000 frame.py:2(<module>)
      105    0.000    0.000    0.000    0.000 enum.py:18(_is_descriptor)
        1    0.000    0.000    0.000    0.000 _compression.py:1(<module>)
       14    0.000    0.000    0.000    0.000 __init__.py:139(_check_size)
       10    0.000    0.000    0.000    0.000 sre_compile.py:416(_bytes_to_codes)
       21    0.000    0.000    0.000    0.000 <frozen importlib._bootstrap>:748(exec_module)
        1    0.000    0.000    0.000    0.000 stream2zmq.py:19(<module>)
        1    0.000    0.000    0.000    0.000 bisect.py:1(<module>)
        1    0.000    0.000    0.000    0.000 threading.py:1185(__init__)
        2    0.000    0.000    0.000    0.000 __main__.py:40(__init__)
      124    0.000    0.000    0.000    0.000 enum.py:34(_is_sunder)
        1    0.000    0.000    0.000    0.000 {built-in method _hashlib.openssl_md5}
        3    0.000    0.000    0.000    0.000 enum.py:890(<listcomp>)
      119    0.000    0.000    0.000    0.000 <frozen importlib._bootstrap_external>:884(__init__)
      210    0.000    0.000    0.000    0.000 {built-in method from_iterable}
        2    0.000    0.000    0.000    0.000 {built-in method builtins.dir}
        1    0.000    0.000    0.000    0.000 loader.py:193(move_into_pyside_package)
        1    0.000    0.000    0.000    0.000 argparse.py:1082(_SubParsersAction)
       41    0.000    0.000    0.000    0.000 predefined.py:105(_simplify_name)
        1    0.000    0.000    0.000    0.000 opcode.py:37(<listcomp>)
        1    0.000    0.000    0.000    0.000 socket.py:172(fileno)
        3    0.000    0.000    0.000    0.000 __init__.py:73(CFUNCTYPE)
        1    0.000    0.000    0.000    0.000 tempfile.py:914(TemporaryDirectory)
       62    0.000    0.000    0.000    0.000 sre_parse.py:76(__init__)
        3    0.000    0.000    0.000    0.000 {method 'rootContext' of 'PySide2.QtQml.QQmlEngine' objects}
        1    0.000    0.000    0.000    0.000 cbor.py:4(<module>)
       13    0.000    0.000    0.000    0.000 loader.py:133(put_into_package)
       76    0.000    0.000    0.000    0.000 posixpath.py:41(_get_sep)
        1    0.000    0.000    0.000    0.000 deprecated.py:75(fix_for_QtGui)
        1    0.000    0.000    0.000    0.000 __init__.py:1925(getLogger)
        2    0.000    0.000    0.000    0.000 platform.py:1276(python_implementation)
        6    0.000    0.000    0.000    0.000 gettext.py:211(_expand_lang)
        6    0.000    0.000    0.000    0.000 functools.py:492(decorating_function)
       10    0.000    0.000    0.000    0.000 {method 'sort' of 'list' objects}
        2    0.000    0.000    0.000    0.000 argparse.py:1384(add_argument_group)
        1    0.000    0.000    0.000    0.000 zmq_client.py:866(ZmqClient)
        1    0.000    0.000    0.000    0.000 attrsettr.py:38(__getattr__)
       73    0.000    0.000    0.000    0.000 signal.py:10(<lambda>)
       12    0.000    0.000    0.000    0.000 _collections_abc.py:657(get)
      305    0.000    0.000    0.000    0.000 <frozen importlib._bootstrap_external>:40(_relax_case)
        1    0.000    0.000    0.000    0.000 {method 'read' of '_io.TextIOWrapper' objects}
       61    0.000    0.000    0.000    0.000 {built-in method builtins.max}
        1    0.000    0.000    0.000    0.000 ns_enum.py:2(<module>)
       10    0.000    0.000    0.000    0.000 typing.py:844(__init_subclass__)
        1    0.000    0.000    0.000    0.000 tracker.py:1(<module>)
        2    0.000    0.000    0.000    0.000 argparse.py:1563(__init__)
        1    0.000    0.000    0.000    0.000 typing.py:1475(IO)
        1    0.000    0.000    0.000    0.000 enum_sig.py:40(<module>)
        2    0.000    0.000    0.000    0.000 platform.py:1172(_sys_version)
      123    0.000    0.000    0.000    0.000 {method 'replace' of 'str' objects}
        7    0.000    0.000    0.000    0.000 argparse.py:1743(_add_action)
        1    0.000    0.000    0.000    0.000 typing.py:744(__getitem__)
        1    0.000    0.000    0.000    0.000 __init__.py:1216(getLogger)
        1    0.000    0.000    0.000    0.000 token.py:1(<module>)
       43    0.000    0.000    0.000    0.000 {method 'update' of 'dict' objects}
        2    0.000    0.000    0.000    0.000 {built-in method standardLocations}
       15    0.000    0.000    0.000    0.000 zmq_client.py:607(_state)
        1    0.000    0.000    0.000    0.000 (builtin):89(<genexpr>)
        7    0.000    0.000    0.000    0.000 argparse.py:1585(_add_action)
       11    0.000    0.000    0.000    0.000 {method 'createIndex' of 'PySide2.QtCore.QAbstractItemModel' objects}
       85    0.000    0.000    0.000    0.000 zmq_client.py:919(useEventLoop)
       19    0.000    0.000    0.000    0.000 typing.py:113(_type_check)
       23    0.000    0.000    0.000    0.000 enum.py:453(_find_data_type)
      159    0.000    0.000    0.000    0.000 {method 'get' of 'mappingproxy' objects}
       39    0.000    0.000    0.000    0.000 {built-in method builtins.repr}
        3    0.000    0.000    0.000    0.000 {method 'setContextProperty' of 'PySide2.QtQml.QQmlContext' objects}
        1    0.000    0.000    0.000    0.000 serial2zmq.py:19(<module>)
        1    0.000    0.000    0.000    0.000 context.py:38(__init__)
       14    0.000    0.000    0.000    0.000 py23.py:79(wrapper)
        1    0.000    0.000    0.000    0.000 py23.py:2(<module>)
      160    0.000    0.000    0.000    0.000 <frozen importlib._bootstrap>:424(has_location)
        1    0.000    0.000    0.000    0.000 {method 'write' of '_io.FileIO' objects}
       21    0.000    0.000    0.000    0.000 {built-in method _imp.exec_builtin}
        1    0.000    0.000    0.000    0.000 {method 'rootObjects' of 'PySide2.QtQml.QQmlApplicationEngine' objects}
        1    0.000    0.000    0.000    0.000 typing.py:293(_SpecialForm)
      182    0.000    0.000    0.000    0.000 utils.py:119(<genexpr>)
        1    0.000    0.000    0.000    0.000 typing.py:760(__getitem_inner__)
        1    0.000    0.000    0.000    0.000 typing.py:1585(TextIO)
       68    0.000    0.000    0.000    0.000 {method 'extend' of 'bytearray' objects}
        1    0.000    0.000    0.000    0.000 inspect.py:2407(_ParameterKind)
        1    0.000    0.000    0.000    0.000 poll.py:1(<module>)
       21    0.000    0.000    0.000    0.000 <frozen importlib._bootstrap>:232(_requires_builtin_wrapper)
        1    0.000    0.000    0.000    0.000 token.py:78(<dictcomp>)
        1    0.000    0.000    0.000    0.000 re.py:307(_subx)
        1    0.000    0.000    0.000    0.000 os.py:44(<listcomp>)
        5    0.000    0.000    0.000    0.000 posixpath.py:154(dirname)
        7    0.000    0.000    0.000    0.000 argparse.py:1394(_add_action)
       30    0.000    0.000    0.000    0.000 {method 'type' of 'PySide2.QtCore.QEvent' objects}
        2    0.000    0.000    0.000    0.000 {built-in method _ctypes.POINTER}
       30    0.000    0.000    0.000    0.000 {function Object.event at 0x7f3dc4da19e0}
       68    0.000    0.000    0.000    0.000 zmq_client.py:541(polling)
        3    0.000    0.000    0.000    0.000 __init__.py:489(PYFUNCTYPE)
        1    0.000    0.000    0.000    0.000 {built-in method posix.mkdir}
        1    0.000    0.000    0.000    0.000 {built-in method singleShot}
       12    0.000    0.000    0.000    0.000 csv.py:38(<listcomp>)
      115    0.000    0.000    0.000    0.000 sre_compile.py:453(_get_iscased)
       23    0.000    0.000    0.000    0.000 <frozen importlib._bootstrap_external>:1029(__init__)
       10    0.000    0.000    0.000    0.000 typing.py:533(__init__)
        1    0.000    0.000    0.000    0.000 re.py:297(_compile_repl)
        1    0.000    0.000    0.000    0.000 tool.py:40(<module>)
        4    0.000    0.000    0.000    0.000 attrsettr.py:12(__setattr__)
        1    0.000    0.000    0.000    0.000 __init__.py:340(__init__)
       51    0.000    0.000    0.000    0.000 {method 'to_bytes' of 'int' objects}
       14    0.000    0.000    0.000    0.000 py23.py:100(u_format)
        7    0.000    0.000    0.000    0.000 argparse.py:597(_format_args)
        1    0.000    0.000    0.000    0.000 __future__.py:48(<module>)
        1    0.000    0.000    0.000    0.000 attrsettr.py:2(<module>)
      118    0.000    0.000    0.000    0.000 <frozen importlib._bootstrap_external>:909(get_filename)
        2    0.000    0.000    0.000    0.000 argparse.py:1852(take_action)
        1    0.000    0.000    0.000    0.000 datetime.py:2136(timezone)
        1    0.000    0.000    0.000    0.000 zmq_client.py:1358(_releaseAlias)
        1    0.000    0.000    0.000    0.000 deprecated.py:41(<module>)
      119    0.000    0.000    0.000    0.000 opcode.py:39(def_op)
        1    0.000    0.000    0.000    0.000 random.py:88(__init__)
        1    0.000    0.000    0.000    0.000 threading.py:763(__init__)
        7    0.000    0.000    0.000    0.000 argparse.py:1474(_get_optional_kwargs)
        3    0.000    0.000    0.000    0.000 datetime.py:1517(__new__)
       26    0.000    0.000    0.000    0.000 zmq_client.py:156(isFunction)
       12    0.000    0.000    0.000    0.000 zmq_client.py:1373(_getFreeAlias)
        2    0.000    0.000    0.000    0.000 typing.py:1171(__class_getitem__)
        1    0.000    0.000    0.000    0.000 fnmatch.py:11(<module>)
        1    0.000    0.000    0.000    0.000 random.py:97(seed)
        1    0.000    0.000    0.000    0.000 subprocess.py:633(Popen)
        1    0.000    0.000    0.000    0.000 abc.py:1(<module>)
      192    0.000    0.000    0.000    0.000 <frozen importlib._bootstrap_external>:1325(<genexpr>)
        1    0.000    0.000    0.000    0.000 __feature__.py:40(<module>)
        1    0.000    0.000    0.000    0.000 sre_parse.py:945(parse_template)
       20    0.000    0.000    0.000    0.000 os.py:752(encode)
       18    0.000    0.000    0.000    0.000 {method 'remove' of 'list' objects}
       34    0.000    0.000    0.000    0.000 argparse.py:1308(register)
        1    0.000    0.000    0.000    0.000 zipfile.py:1149(ZipFile)
        5    0.000    0.000    0.000    0.000 __init__.py:212(_acquireLock)
       92    0.000    0.000    0.000    0.000 __init__.py:388(<genexpr>)
        2    0.000    0.000    0.000    0.000 __init__.py:40(<module>)
        4    0.000    0.000    0.000    0.000 layout.py:84(__init__)
        1    0.000    0.000    0.000    0.000 __init__.py:1140(__init__)
        1    0.000    0.000    0.000    0.000 pickle.py:1024(_Unpickler)
        8    0.000    0.000    0.000    0.000 posixpath.py:64(isabs)
        1    0.000    0.000    0.000    0.000 <frozen importlib._bootstrap_external>:1459(_fix_up_module)
       28    0.000    0.000    0.000    0.000 {built-in method _struct.calcsize}
        2    0.000    0.000    0.000    0.000 zmq_client.py:512(<lambda>)
        1    0.000    0.000    0.000    0.000 typing.py:594(_GenericAlias)
        1    0.000    0.000    0.000    0.000 serialutil.py:161(SerialBase)
        5    0.000    0.000    0.000    0.000 datetime.py:396(_check_date_fields)
        1    0.000    0.000    0.000    0.000 __init__.py:802(__init__)
        1    0.000    0.000    0.000    0.000 socket.py:43(Socket)
        1    0.000    0.000    0.000    0.000 {method 'disable' of '_lsprof.Profiler' objects}
       64    0.000    0.000    0.000    0.000 zmq_client.py:196(alias)
       11    0.000    0.000    0.000    0.000 zmq_client.py:730(__len__)
        1    0.000    0.000    0.000    0.000 constant_names.py:1(<module>)
        1    0.000    0.000    0.000    0.000 socket.py:155(__setattr__)
        8    0.000    0.000    0.000    0.000 enum.py:152(<dictcomp>)
       96    0.000    0.000    0.000    0.000 {method 'isidentifier' of 'str' objects}
        1    0.000    0.000    0.000    0.000 {function Random.seed at 0x7f3dce52ec20}
        1    0.000    0.000    0.000    0.000 __main__.py:54(ObjectListModel)
       31    0.000    0.000    0.000    0.000 {method 'setInterval' of 'PySide2.QtCore.QTimer' objects}
        2    0.000    0.000    0.000    0.000 datetime.py:646(__neg__)
        9    0.000    0.000    0.000    0.000 typing.py:629(<genexpr>)
        1    0.000    0.000    0.000    0.000 parser.py:40(<module>)
        1    0.000    0.000    0.000    0.000 frame.py:16(Frame)
        1    0.000    0.000    0.000    0.000 __init__.py:1368(info)
        6    0.000    0.000    0.000    0.000 locale.py:384(normalize)
        8    0.000    0.000    0.000    0.000 enum.py:335(__getattr__)
        4    0.000    0.000    0.000    0.000 sre_parse.py:267(getuntil)
       13    0.000    0.000    0.000    0.000 codecs.py:186(__init__)
       92    0.000    0.000    0.000    0.000 {method '__contains__' of 'frozenset' objects}
       69    0.000    0.000    0.000    0.000 {built-in method builtins.issubclass}
        1    0.000    0.000    0.000    0.000 pathlib.py:119(_WindowsFlavour)
        1    0.000    0.000    0.000    0.000 {method 'setFilterRegularExpression' of 'PySide2.QtCore.QSortFilterProxyModel' objects}
        2    0.000    0.000    0.000    0.000 __init__.py:1336(__init__)
        1    0.000    0.000    0.000    0.000 threading.py:513(set)
        8    0.000    0.000    0.000    0.000 enum.py:64(__init__)
       73    0.000    0.000    0.000    0.000 {method 'items' of 'dict' objects}
        1    0.000    0.000    0.000    0.000 _version.py:2(<module>)
        1    0.000    0.000    0.000    0.000 argparse.py:161(HelpFormatter)
        2    0.000    0.000    0.000    0.000 argparse.py:2353(_get_values)
      113    0.000    0.000    0.000    0.000 typing.py:613(<genexpr>)
        1    0.000    0.000    0.000    0.000 threading.py:744(Thread)
       24    0.000    0.000    0.000    0.000 tokenize.py:143(<listcomp>)
        3    0.000    0.000    0.000    0.000 _weakrefset.py:36(__init__)
      116    0.000    0.000    0.000    0.000 <frozen importlib._bootstrap_external>:719(create_module)
       12    0.000    0.000    0.000    0.000 {built-in method builtins.round}
        1    0.000    0.000    0.000    0.000 py23.py:78(_modify_str_or_docstring)
        7    0.000    0.000    0.000    0.000 argparse.py:817(__init__)
       26    0.000    0.000    0.000    0.000 zmq_client.py:494(format)
       12    0.000    0.000    0.000    0.000 zmq_client.py:1304(_isAliasInUse)
        1    0.000    0.000    0.000    0.000 typing.py:740(_VariadicGenericAlias)
        1    0.000    0.000    0.000    0.000 stopwatch.py:1(<module>)
       10    0.000    0.000    0.000    0.000 {method 'tolist' of 'memoryview' objects}
       10    0.000    0.000    0.000    0.000 {method 'cast' of 'memoryview' objects}
        1    0.000    0.000    0.000    0.000 {built-in method math.exp}
       16    0.000    0.000    0.000    0.000 argparse.py:1312(_registry_get)
        2    0.000    0.000    0.000    0.000 datetime.py:804(__new__)
        1    0.000    0.000    0.000    0.000 typing.py:787(Generic)
        1    0.000    0.000    0.000    0.000 errorhandler.py:40(<module>)
        1    0.000    0.000    0.000    0.000 base64.py:3(<module>)
        1    0.000    0.000    0.000    0.000 _collections_abc.py:664(__contains__)
        5    0.000    0.000    0.000    0.000 argparse.py:859(__init__)
        7    0.000    0.000    0.000    0.000 argparse.py:1510(_pop_action_class)
        3    0.000    0.000    0.000    0.000 {built-in method _csv.register_dialect}
       23    0.000    0.000    0.000    0.000 loader.py:123(_get_modname)
        2    0.000    0.000    0.000    0.000 zmq_client.py:1105(list)
       25    0.000    0.000    0.000    0.000 mapping.py:149(__init__)
        1    0.000    0.000    0.000    0.000 __init__.py:1267(_fixupParents)
       36    0.000    0.000    0.000    0.000 enum.py:623(name)
      100    0.000    0.000    0.000    0.000 enum.py:659(<lambda>)
        1    0.000    0.000    0.000    0.000 codecs.py:309(__init__)
       42    0.000    0.000    0.000    0.000 {method 'items' of 'mappingproxy' objects}
       31    0.000    0.000    0.000    0.000 {method 'setter' of 'property' objects}
        1    0.000    0.000    0.000    0.000 socket.py:133(socket)
       31    0.000    0.000    0.000    0.000 {method 'setSingleShot' of 'PySide2.QtCore.QTimer' objects}
        2    0.000    0.000    0.000    0.000 datetime.py:1187(__new__)
        8    0.000    0.000    0.000    0.000 typing.py:827(<genexpr>)
        1    0.000    0.000    0.000    0.000 typing.py:1351(__new__)
        1    0.000    0.000    0.000    0.000 protocol.py:474(ProtocolStack)
        5    0.000    0.000    0.000    0.000 datetime.py:409(_check_time_fields)
        1    0.000    0.000    0.000    0.000 error.py:171(_check_version)
        1    0.000    0.000    0.000    0.000 threading.py:499(__init__)
        1    0.000    0.000    0.000    0.000 threading.py:899(_set_tstate_lock)
       20    0.000    0.000    0.000    0.000 tokenize.py:107(group)
       35    0.000    0.000    0.000    0.000 enum.py:628(value)
        9    0.000    0.000    0.000    0.000 enum.py:907(_power_of_two)
       11    0.000    0.000    0.000    0.000 functools.py:67(wraps)
        1    0.000    0.000    0.000    0.000 genericpath.py:39(isdir)
      105    0.000    0.000    0.000    0.000 {method 'items' of 'collections.OrderedDict' objects}
       83    0.000    0.000    0.000    0.000 {method 'setdefault' of 'dict' objects}
       29    0.000    0.000    0.000    0.000 {built-in method _stat.S_ISLNK}
       96    0.000    0.000    0.000    0.000 {built-in method builtins.abs}
      223    0.000    0.000    0.000    0.000 {built-in method builtins.globals}
        1    0.000    0.000    0.000    0.000 pathlib.py:611(PurePath)
        2    0.000    0.000    0.000    0.000 {built-in method setAttribute}
       11    0.000    0.000    0.000    0.000 zmq_client.py:798(enabled)
        7    0.000    0.000    0.000    0.000 typing.py:664(__hash__)
       35    0.000    0.000    0.000    0.000 datetime.py:379(_check_int_field)
        1    0.000    0.000    0.000    0.000 context.py:26(Context)
        1    0.000    0.000    0.000    0.000 attrsettr.py:61(_get_attr_opt)
       74    0.000    0.000    0.000    0.000 signal.py:17(<lambda>)
        1    0.000    0.000    0.000    0.000 weakref.py:102(__init__)
        1    0.000    0.000    0.000    0.000 contextlib.py:210(contextmanager)
        1    0.000    0.000    0.000    0.000 codecs.py:319(decode)
        1    0.000    0.000    0.000    0.000 abc.py:130(register)
        9    0.000    0.000    0.000    0.000 {method 'rfind' of 'str' objects}
       55    0.000    0.000    0.000    0.000 {built-in method _sre.unicode_iscased}
        3    0.000    0.000    0.000    0.000 argparse.py:1514(_get_handler)
        1    0.000    0.000    0.000    0.000 {built-in method fromLocalFile}
        1    0.000    0.000    0.000    0.000 zmq_client.py:35(SignalRateLimiter)
       22    0.000    0.000    0.000    0.000 zmq_client.py:545(_polling_set)
        1    0.000    0.000    0.000    0.000 zmq_client.py:915(_haveEventLoop)
        4    0.000    0.000    0.000    0.000 serialutil.py:54(to_bytes)
        1    0.000    0.000    0.000    0.000 decoder.py:284(__init__)
        5    0.000    0.000    0.000    0.000 __init__.py:221(_releaseLock)
        1    0.000    0.000    0.000    0.000 __init__.py:783(_addHandlerRef)
        1    0.000    0.000    0.000    0.000 context.py:173(_add_socket)
        1    0.000    0.000    0.000    0.000 threading.py:216(__init__)
        3    0.000    0.000    0.000    0.000 _weakrefset.py:81(add)
        1    0.000    0.000    0.000    0.000 re.py:313(filter)
        4    0.000    0.000    0.000    0.000 sre_parse.py:258(getwhile)
        1    0.000    0.000    0.000    0.000 contextlib.py:116(__exit__)
        1    0.000    0.000    0.000    0.000 <frozen importlib._bootstrap_external>:711(is_package)
       14    0.000    0.000    0.000    0.000 {method 'rsplit' of 'str' objects}
       38    0.000    0.000    0.000    0.000 {built-in method _sre.unicode_tolower}
        5    0.000    0.000    0.000    0.000 {method 'acquire' of '_thread.RLock' objects}
        1    0.000    0.000    0.000    0.000 {built-in method _abc._abc_register}
        7    0.000    0.000    0.000    0.000 argparse.py:213(__init__)
       45    0.000    0.000    0.000    0.000 __init__.py:6(<genexpr>)
        1    0.000    0.000    0.000    0.000 datetime.py:1162(time)
        6    0.000    0.000    0.000    0.000 typing.py:351(<genexpr>)
       12    0.000    0.000    0.000    0.000 opcode.py:43(name_op)
        1    0.000    0.000    0.000    0.000 __init__.py:831(createLock)
        1    0.000    0.000    0.000    0.000 random.py:72(Random)
        1    0.000    0.000    0.000    0.000 threading.py:358(notify_all)
        1    0.000    0.000    0.000    0.000 threading.py:567(Barrier)
        1    0.000    0.000    0.000    0.000 subprocess.py:60(CalledProcessError)
       24    0.000    0.000    0.000    0.000 enum.py:198(<genexpr>)
        7    0.000    0.000    0.000    0.000 enum.py:360(__members__)
        6    0.000    0.000    0.000    0.000 functools.py:458(lru_cache)
        1    0.000    0.000    0.000    0.000 contextlib.py:237(helper)
       29    0.000    0.000    0.000    0.000 {method 'partition' of 'str' objects}
       51    0.000    0.000    0.000    0.000 {method 'lower' of 'str' objects}
       12    0.000    0.000    0.000    0.000 {method 'mro' of 'type' objects}
        3    0.000    0.000    0.000    0.000 {built-in method posix.register_at_fork}
       16    0.000    0.000    0.000    0.000 {built-in method sys.intern}
        1    0.000    0.000    0.000    0.000 {built-in method setWindowIcon}
        1    0.000    0.000    0.000    0.000 pathlib.py:391(_NormalAccessor)
        1    0.000    0.000    0.000    0.000 pathlib.py:993(Path)
        4    0.000    0.000    0.000    0.000 __main__.py:91(roleNames)
        1    0.000    0.000    0.000    0.000 argparse.py:917(__init__)
        1    0.000    0.000    0.000    0.000 argparse.py:1039(__init__)
       13    0.000    0.000    0.000    0.000 loader.py:126(_set_modname)
        1    0.000    0.000    0.000    0.000 inspect.py:2720(Signature)
        1    0.000    0.000    0.000    0.000 datetime.py:774(date)
        1    0.000    0.000    0.000    0.000 zmq_client.py:735(Tracing)
        1    0.000    0.000    0.000    0.000 zmq_client.py:1298(_isAliasAvailable)
        6    0.000    0.000    0.000    0.000 typing.py:199(_check_generic)
        5    0.000    0.000    0.000    0.000 typing.py:300(__new__)
        3    0.000    0.000    0.000    0.000 typing.py:772(<genexpr>)
        1    0.000    0.000    0.000    0.000 version.py:1(<module>)
        1    0.000    0.000    0.000    0.000 __init__.py:1321(Logger)
        1    0.000    0.000    0.000    0.000 __init__.py:1679(LoggerAdapter)
        1    0.000    0.000    0.000    0.000 pickle.py:372(_Pickler)
        1    0.000    0.000    0.000    0.000 traceback.py:437(TracebackException)
       31    0.000    0.000    0.000    0.000 abc.py:7(abstractmethod)
       17    0.000    0.000    0.000    0.000 {built-in method builtins.id}
        1    0.000    0.000    0.000    0.000 argparse.py:1950(consume_positionals)
        2    0.000    0.000    0.000    0.000 argparse.py:2220(_get_nargs_pattern)
        1    0.000    0.000    0.000    0.000 {built-in method setApplicationName}
       10    0.000    0.000    0.000    0.000 __future__.py:81(__init__)
        1    0.000    0.000    0.000    0.000 inspect.py:2435(Parameter)
        1    0.000    0.000    0.000    0.000 datetime.py:454(timedelta)
        1    0.000    0.000    0.000    0.000 zmq_client.py:629(Macro)
       26    0.000    0.000    0.000    0.000 zmq_client.py:1535(_autoSaveStateNow)
        2    0.000    0.000    0.000    0.000 typing.py:212(_remove_dups_flatten)
        7    0.000    0.000    0.000    0.000 typing.py:655(__eq__)
        7    0.000    0.000    0.000    0.000 opcode.py:47(jrel_op)
        6    0.000    0.000    0.000    0.000 opcode.py:51(jabs_op)
        1    0.000    0.000    0.000    0.000 serialposix.py:247(Serial)
        1    0.000    0.000    0.000    0.000 __init__.py:242(_register_at_fork_reinit_lock)
        2    0.000    0.000    0.000    0.000 __init__.py:1600(getEffectiveLevel)
        1    0.000    0.000    0.000    0.000 threading.py:335(notify)
       75    0.000    0.000    0.000    0.000 signal.py:22(<lambda>)
        1    0.000    0.000    0.000    0.000 selectors.py:80(BaseSelector)
        6    0.000    0.000    0.000    0.000 enum.py:855(_high_bit)
        2    0.000    0.000    0.000    0.000 sre_parse.py:837(_parse_flags)
        1    0.000    0.000    0.000    0.000 sre_parse.py:1030(expand_template)
        1    0.000    0.000    0.000    0.000 contextlib.py:81(__init__)
        1    0.000    0.000    0.000    0.000 posixpath.py:104(split)
        1    0.000    0.000    0.000    0.000 posixpath.py:144(basename)
        1    0.000    0.000    0.000    0.000 abc.py:141(__subclasscheck__)
        7    0.000    0.000    0.000    0.000 {method 'keys' of 'dict' objects}
       60    0.000    0.000    0.000    0.000 {built-in method builtins.divmod}
        7    0.000    0.000    0.000    0.000 {built-in method builtins.vars}
        1    0.000    0.000    0.000    0.000 stream2zmq.py:30(Stream2Zmq)
        7    0.000    0.000    0.000    0.000 argparse.py:590(format)
        7    0.000    0.000    0.000    0.000 argparse.py:581(_metavar_formatter)
        1    0.000    0.000    0.000    0.000 argparse.py:894(__init__)
        7    0.000    0.000    0.000    0.000 argparse.py:1523(_check_conflict)
        2    0.000    0.000    0.000    0.000 argparse.py:2409(_get_value)
        1    0.000    0.000    0.000    0.000 argparse.py:1615(ArgumentParser)
        1    0.000    0.000    0.000    0.000 csv.py:81(DictReader)
        1    0.000    0.000    0.000    0.000 (builtin):55(<module>)
        1    0.000    0.000    0.000    0.000 tempfile.py:766(SpooledTemporaryFile)
       12    0.000    0.000    0.000    0.000 typing.py:545(<genexpr>)
        1    0.000    0.000    0.000    0.000 protocol.py:23(ProtocolLayer)
        1    0.000    0.000    0.000    0.000 lzma.py:38(LZMAFile)
        1    0.000    0.000    0.000    0.000 __init__.py:457(Formatter)
        1    0.000    0.000    0.000    0.000 __init__.py:793(Handler)
        1    0.000    0.000    0.000    0.000 __init__.py:1668(__init__)
       85    0.000    0.000    0.000    0.000 _compat_pickle.py:167(<genexpr>)
        1    0.000    0.000    0.000    0.000 {built-in method _hashlib.openssl_sha1}
        1    0.000    0.000    0.000    0.000 {built-in method _hashlib.openssl_sha224}
        1    0.000    0.000    0.000    0.000 threading.py:88(_RLock)
        1    0.000    0.000    0.000    0.000 threading.py:204(Condition)
        1    0.000    0.000    0.000    0.000 __init__.py:42(__getattr__)
        3    0.000    0.000    0.000    0.000 os.py:756(decode)
       21    0.000    0.000    0.000    0.000 <frozen importlib._bootstrap>:765(is_package)
       18    0.000    0.000    0.000    0.000 {method 'find' of 'str' objects}
       11    0.000    0.000    0.000    0.000 {method 'pop' of 'set' objects}
        1    0.000    0.000    0.000    0.000 {method 'union' of 'set' objects}
       36    0.000    0.000    0.000    0.000 {method 'pop' of 'dict' objects}
       17    0.000    0.000    0.000    0.000 {method 'write' of '_io.TextIOWrapper' objects}
        2    0.000    0.000    0.000    0.000 {built-in method math.log}
        3    0.000    0.000    0.000    0.000 {method 'group' of 're.Match' objects}
        1    0.000    0.000    0.000    0.000 {built-in method _abc._abc_subclasscheck}
        1    0.000    0.000    0.000    0.000 socket.py:546(SocketIO)
        1    0.000    0.000    0.000    0.000 pathlib.py:135(<setcomp>)
        1    0.000    0.000    0.000    0.000 parse.py:142(_NetlocResultMixinBase)
        1    0.000    0.000    0.000    0.000 stdio2zmq.py:29(Stdio2Zmq)
        1    0.000    0.000    0.000    0.000 argparse.py:1234(Namespace)
        2    0.000    0.000    0.000    0.000 {method 'setSortCaseSensitivity' of 'PySide2.QtCore.QSortFilterProxyModel' objects}
        1    0.000    0.000    0.000    0.000 tagmap.py:30(TagMapper)
        2    0.000    0.000    0.000    0.000 __feature__.py:85(<genexpr>)
        2    0.000    0.000    0.000    0.000 zmq_client.py:927(objects)
        1    0.000    0.000    0.000    0.000 zmq_client.py:1243(defaultPollInterval)
        3    0.000    0.000    0.000    0.000 datetime.py:2156(_create)
        5    0.000    0.000    0.000    0.000 typing.py:279(__init_subclass__)
        3    0.000    0.000    0.000    0.000 typing.py:322(__hash__)
        5    0.000    0.000    0.000    0.000 typing.py:680(__mro_entries__)
        1    0.000    0.000    0.000    0.000 bz2.py:28(BZ2File)
        1    0.000    0.000    0.000    0.000 __init__.py:2054(NullHandler)
        3    0.000    0.000    0.000    0.000 __init__.py:187(_checkLevel)
        1    0.000    0.000    0.000    0.000 __init__.py:502(__init__)
        3    0.000    0.000    0.000    0.000 __init__.py:716(__init__)
       43    0.000    0.000    0.000    0.000 _compat_pickle.py:165(<genexpr>)
        1    0.000    0.000    0.000    0.000 poll.py:16(Poller)
        1    0.000    0.000    0.000    0.000 strtypes.py:6(<module>)
        1    0.000    0.000    0.000    0.000 error.py:84(ContextTerminated)
        1    0.000    0.000    0.000    0.000 {built-in method _ctypes.dlopen}
       38    0.000    0.000    0.000    0.000 {built-in method _ctypes.sizeof}
        1    0.000    0.000    0.000    0.000 traceback.py:315(StackSummary)
        1    0.000    0.000    0.000    0.000 zmq_server.py:36(ZmqServer)
        1    0.000    0.000    0.000    0.000 codecs.py:260(__init__)
       37    0.000    0.000    0.000    0.000 {method 'upper' of 'str' objects}
        6    0.000    0.000    0.000    0.000 {method 'bit_length' of 'int' objects}
        3    0.000    0.000    0.000    0.000 {method 'insert' of 'list' objects}
        2    0.000    0.000    0.000    0.000 {built-in method atexit.register}
        1    0.000    0.000    0.000    0.000 {method 'groups' of 're.Match' objects}
        5    0.000    0.000    0.000    0.000 {method 'release' of '_thread.RLock' objects}
        1    0.000    0.000    0.000    0.000 {built-in method _codecs.utf_8_decode}
        1    0.000    0.000    0.000    0.000 {built-in method sys.exit}
       17    0.000    0.000    0.000    0.000 {built-in method builtins.callable}
       10    0.000    0.000    0.000    0.000 {built-in method builtins.hash}
        1    0.000    0.000    0.000    0.000 client.py:11(LognplotTcpClient)
        1    0.000    0.000    0.000    0.000 pathlib.py:283(_PosixFlavour)
        1    0.000    0.000    0.000    0.000 parse.py:348(_fix_result_transcoding)
        1    0.000    0.000    0.000    0.000 serial2zmq.py:29(Serial2Zmq)
        1    0.000    0.000    0.000    0.000 argparse.py:766(Action)
        2    0.000    0.000    0.000    0.000 argparse.py:888(__call__)
        1    0.000    0.000    0.000    0.000 argparse.py:1254(_ActionsContainer)
        1    0.000    0.000    0.000    0.000 argparse.py:1755(_get_positional_actions)
        2    0.000    0.000    0.000    0.000 argparse.py:1980(<listcomp>)
        1    0.000    0.000    0.000    0.000 argparse.py:2101(_match_arguments_partial)
        3    0.000    0.000    0.000    0.000 argparse.py:2117(_parse_optional)
        2    0.000    0.000    0.000    0.000 {method 'setSortRole' of 'PySide2.QtCore.QSortFilterProxyModel' objects}
        1    0.000    0.000    0.000    0.000 zipfile.py:313(ZipInfo)
        1    0.000    0.000    0.000    0.000 zipfile.py:773(ZipExtFile)
        1    0.000    0.000    0.000    0.000 zipfile.py:1071(_ZipWriteFile)
        1    0.000    0.000    0.000    0.000 inspect.py:2590(BoundArguments)
        1    0.000    0.000    0.000    0.000 typing.py:1279(SupportsInt)
        1    0.000    0.000    0.000    0.000 typing.py:1311(SupportsAbs)
        1    0.000    0.000    0.000    0.000 protocol.py:135(TerminalLayer)
        1    0.000    0.000    0.000    0.000 _crcfunpy.py:29(<module>)
        1    0.000    0.000    0.000    0.000 layout.py:64(SignatureLayout)
        1    0.000    0.000    0.000    0.000 csv.py:24(Dialect)
        1    0.000    0.000    0.000    0.000 _compression.py:33(DecompressReader)
        1    0.000    0.000    0.000    0.000 tempfile.py:271(_RandomNameSequence)
        1    0.000    0.000    0.000    0.000 dis.py:461(Bytecode)
        1    0.000    0.000    0.000    0.000 string.py:78(Template)
        1    0.000    0.000    0.000    0.000 string.py:175(Formatter)
        1    0.000    0.000    0.000    0.000 serialutil.py:102(Timeout)
        1    0.000    0.000    0.000    0.000 decoder.py:254(JSONDecoder)
        1    0.000    0.000    0.000    0.000 encoder.py:104(__init__)
        1    0.000    0.000    0.000    0.000 encoder.py:73(JSONEncoder)
        1    0.000    0.000    0.000    0.000 tracker.py:39(__init__)
        1    0.000    0.000    0.000    0.000 __init__.py:1205(__init__)
        1    0.000    0.000    0.000    0.000 pickle.py:184(_Framer)
        3    0.000    0.000    0.000    0.000 __init__.py:99(CFunctionType)
        1    0.000    0.000    0.000    0.000 __init__.py:427(LibraryLoader)
        3    0.000    0.000    0.000    0.000 __init__.py:490(CFunctionType)
        1    0.000    0.000    0.000    0.000 threading.py:240(__enter__)
        1    0.000    0.000    0.000    0.000 threading.py:370(Semaphore)
        1    0.000    0.000    0.000    0.000 threading.py:488(Event)
        1    0.000    0.000    0.000    0.000 threading.py:1202(_DummyThread)
        1    0.000    0.000    0.000    0.000 traceback.py:227(FrameSummary)
        1    0.000    0.000    0.000    0.000 tokenize.py:94(TokenInfo)
        2    0.000    0.000    0.000    0.000 tokenize.py:109(maybe)
        1    0.000    0.000    0.000    0.000 tokenize.py:217(Untokenizer)
        1    0.000    0.000    0.000    0.000 subprocess.py:97(TimeoutExpired)
        1    0.000    0.000    0.000    0.000 subprocess.py:414(CompletedProcess)
        1    0.000    0.000    0.000    0.000 selectors.py:290(SelectSelector)
        1    0.000    0.000    0.000    0.000 selectors.py:341(_PollLikeSelector)
        1    0.000    0.000    0.000    0.000 selectors.py:433(PollSelector)
        1    0.000    0.000    0.000    0.000 selectors.py:442(EpollSelector)
        2    0.000    0.000    0.000    0.000 threading.py:75(RLock)
        1    0.000    0.000    0.000    0.000 weakref.py:290(update)
        7    0.000    0.000    0.000    0.000 enum.py:901(<lambda>)
        4    0.000    0.000    0.000    0.000 sre_parse.py:162(__delitem__)
        1    0.000    0.000    0.000    0.000 sre_parse.py:954(addgroup)
        1    0.000    0.000    0.000    0.000 os.py:1077(__subclasshook__)
        1    0.000    0.000    0.000    0.000 posixpath.py:52(normcase)
        1    0.000    0.000    0.000    0.000 {method 'lstrip' of 'str' objects}
        6    0.000    0.000    0.000    0.000 {method 'reverse' of 'list' objects}
        2    0.000    0.000    0.000    0.000 {built-in method maketrans}
       10    0.000    0.000    0.000    0.000 {method '__init_subclass__' of 'object' objects}
        1    0.000    0.000    0.000    0.000 {built-in method math.sqrt}
        4    0.000    0.000    0.000    0.000 {built-in method _sre.ascii_tolower}
        1    0.000    0.000    0.000    0.000 {built-in method _stat.S_ISDIR}
        1    0.000    0.000    0.000    0.000 {built-in method _thread._set_sentinel}
        2    0.000    0.000    0.000    0.000 {method 'acquire' of '_thread.lock' objects}
        1    0.000    0.000    0.000    0.000 {method '__enter__' of '_thread.lock' objects}
        2    0.000    0.000    0.000    0.000 {built-in method sys.setdlopenflags}
        1    0.000    0.000    0.000    0.000 {built-in method builtins.all}
        1    0.000    0.000    0.000    0.000 socket.py:130(_GiveupOnSendfile)
        1    0.000    0.000    0.000    0.000 pathlib.py:464(_Selector)
        1    0.000    0.000    0.000    0.000 pathlib.py:495(_PreciseSelector)
        1    0.000    0.000    0.000    0.000 pathlib.py:583(_PathParents)
        2    0.000    0.000    0.000    0.000 pathlib.py:60(__init__)
        1    0.000    0.000    0.000    0.000 pathlib.py:56(_Flavour)
        1    0.000    0.000    0.000    0.000 pathlib.py:136(<setcomp>)
        1    0.000    0.000    0.000    0.000 pathlib.py:970(PurePosixPath)
        1    0.000    0.000    0.000    0.000 pathlib.py:1477(PosixPath)
        1    0.000    0.000    0.000    0.000 parse.py:175(_NetlocResultMixinStr)
        1    0.000    0.000    0.000    0.000 parse.py:205(_NetlocResultMixinBytes)
        1    0.000    0.000    0.000    0.000 parse.py:318(SplitResult)
        1    0.000    0.000    0.000    0.000 parse.py:329(DefragResultBytes)
        1    0.000    0.000    0.000    0.000 parse.py:337(SplitResultBytes)
        1    0.000    0.000    0.000    0.000 parse.py:760(Quoter)
        1    0.000    0.000    0.000    0.000 parse.py:126(_ResultMixinStr)
        1    0.000    0.000    0.000    0.000 parse.py:134(_ResultMixinBytes)
        1    0.000    0.000    0.000    0.000 __main__.py:39(NatSort)
        1    0.000    0.000    0.000    0.000 argparse.py:114(_AttributeHolder)
        1    0.000    0.000    0.000    0.000 argparse.py:665(RawDescriptionHelpFormatter)
        1    0.000    0.000    0.000    0.000 argparse.py:676(RawTextHelpFormatter)
        1    0.000    0.000    0.000    0.000 argparse.py:737(ArgumentError)
        1    0.000    0.000    0.000    0.000 argparse.py:757(ArgumentTypeError)
        1    0.000    0.000    0.000    0.000 argparse.py:857(_StoreAction)
        1    0.000    0.000    0.000    0.000 argparse.py:892(_StoreConstAction)
        1    0.000    0.000    0.000    0.000 argparse.py:949(_AppendAction)
        1    0.000    0.000    0.000    0.000 argparse.py:987(_AppendConstAction)
        1    0.000    0.000    0.000    0.000 argparse.py:1084(_ChoicesPseudoAction)
        1    0.000    0.000    0.000    0.000 argparse.py:1180(FileType)
        1    0.000    0.000    0.000    0.000 argparse.py:1241(__init__)
        1    0.000    0.000    0.000    0.000 argparse.py:1561(_ArgumentGroup)
        1    0.000    0.000    0.000    0.000 argparse.py:1756(<listcomp>)
        1    0.000    0.000    0.000    0.000 csv.py:131(DictWriter)
        1    0.000    0.000    0.000    0.000 csv.py:166(Sniffer)
        1    0.000    0.000    0.000    0.000 {built-in method instance}
        2    0.000    0.000    0.000    0.000 {method 'setFilterRole' of 'PySide2.QtCore.QSortFilterProxyModel' objects}
        1    0.000    0.000    0.000    0.000 {method 'setTimerType' of 'PySide2.QtCore.QTimer' objects}
        1    0.000    0.000    0.000    0.000 __future__.py:80(_Feature)
        1    0.000    0.000    0.000    0.000 zipfile.py:592(LZMACompressor)
        1    0.000    0.000    0.000    0.000 zipfile.py:715(_SharedFile)
        1    0.000    0.000    0.000    0.000 zipfile.py:753(_Tellable)
        1    0.000    0.000    0.000    0.000 zipfile.py:1925(PyZipFile)
        1    0.000    0.000    0.000    0.000 shutil.py:58(SameFileError)
        1    0.000    0.000    0.000    0.000 shutil.py:68(ReadError)
        1    0.000    0.000    0.000    0.000 tagmap.py:108(WrappedCBOR)
        1    0.000    0.000    0.000    0.000 <string>:1(_C)
        1    0.000    0.000    0.000    0.000 inspect.py:880(BlockFinder)
        1    0.000    0.000    0.000    0.000 inspect.py:2399(_void)
        1    0.000    0.000    0.000    0.000 datetime.py:1092(tzinfo)
        2    0.000    0.000    0.000    0.000 zmq_client.py:103(size)
        2    0.000    0.000    0.000    0.000 zmq_client.py:649(macro)
        1    0.000    0.000    0.000    0.000 zmq_client.py:802(decimate)
        1    0.000    0.000    0.000    0.000 zmq_client.py:820(stream)
        3    0.000    0.000    0.000    0.000 datetime.py:41(_days_before_year)
        5    0.000    0.000    0.000    0.000 datetime.py:46(_days_in_month)
        1    0.000    0.000    0.000    0.000 tempfile.py:553(_TemporaryFileCloser)
        1    0.000    0.000    0.000    0.000 tempfile.py:596(_TemporaryFileWrapper)
        6    0.000    0.000    0.000    0.000 typing.py:176(<listcomp>)
        1    0.000    0.000    0.000    0.000 typing.py:274(_Final)
        5    0.000    0.000    0.000    0.000 typing.py:313(__init__)
        1    0.000    0.000    0.000    0.000 typing.py:317(__eq__)
        1    0.000    0.000    0.000    0.000 typing.py:438(ForwardRef)
        2    0.000    0.000    0.000    0.000 typing.py:830(<genexpr>)
        1    0.000    0.000    0.000    0.000 typing.py:1091(_ProtocolMeta)
        1    0.000    0.000    0.000    0.000 typing.py:1159(_Protocol)
        1    0.000    0.000    0.000    0.000 typing.py:1287(SupportsFloat)
        1    0.000    0.000    0.000    0.000 typing.py:1295(SupportsComplex)
        1    0.000    0.000    0.000    0.000 typing.py:1303(SupportsBytes)
        1    0.000    0.000    0.000    0.000 typing.py:1319(SupportsRound)
        1    0.000    0.000    0.000    0.000 typing.py:1380(NamedTuple)
        1    0.000    0.000    0.000    0.000 typing.py:1615(io)
        1    0.000    0.000    0.000    0.000 typing.py:1630(re)
        1    0.000    0.000    0.000    0.000 serialposix.py:81(PlatformSpecific)
        1    0.000    0.000    0.000    0.000 protocol.py:87(AsciiEscapeLayer)
        1    0.000    0.000    0.000    0.000 protocol.py:214(SegmentationLayer)
        1    0.000    0.000    0.000    0.000 protocol.py:256(DebugArqLayer)
        1    0.000    0.000    0.000    0.000 protocol.py:440(Crc16Layer)
        1    0.000    0.000    0.000    0.000 protocol.py:528(LoopbackLayer)
        1    0.000    0.000    0.000    0.000 protocol.py:557(registerLayerType)
        1    0.000    0.000    0.000    0.000 crcmod.py:54(Crc)
        1    0.000    0.000    0.000    0.000 tool.py:53(SimpleNamespace)
        1    0.000    0.000    0.000    0.000 enum_sig.py:57(ExactEnumerator)
        1    0.000    0.000    0.000    0.000 enum_sig.py:180(SimplifyingEnumerator)
        1    0.000    0.000    0.000    0.000 csv.py:6(CsvExport)
        1    0.000    0.000    0.000    0.000 csv.py:55(excel)
        1    0.000    0.000    0.000    0.000 csv.py:65(excel_tab)
        1    0.000    0.000    0.000    0.000 csv.py:70(unix_dialect)
        1    0.000    0.000    0.000    0.000 _compression.py:9(BaseStream)
        1    0.000    0.000    0.000    0.000 mapping.py:163(ArrayLikeVariable)
        1    0.000    0.000    0.000    0.000 mapping.py:169(Reloader)
        1    0.000    0.000    0.000    0.000 string.py:55(_TemplateMetaclass)
        1    0.000    0.000    0.000    0.000 serialposix.py:755(VTIMESerial)
        1    0.000    0.000    0.000    0.000 serialposix.py:43(PlatformSpecificBase)
        1    0.000    0.000    0.000    0.000 decoder.py:20(JSONDecodeError)
        1    0.000    0.000    0.000    0.000 tracker.py:18(MessageTracker)
        1    0.000    0.000    0.000    0.000 stopwatch.py:6(Stopwatch)
        1    0.000    0.000    0.000    0.000 __init__.py:270(LogRecord)
        1    0.000    0.000    0.000    0.000 __init__.py:415(__init__)
        1    0.000    0.000    0.000    0.000 __init__.py:424(StrFormatStyle)
        1    0.000    0.000    0.000    0.000 __init__.py:674(Filter)
        1    0.000    0.000    0.000    0.000 __init__.py:711(Filterer)
        1    0.000    0.000    0.000    0.000 __init__.py:982(StreamHandler)
        1    0.000    0.000    0.000    0.000 __init__.py:1134(_StderrHandler)
        1    0.000    0.000    0.000    0.000 __init__.py:1164(__init__)
        1    0.000    0.000    0.000    0.000 __init__.py:1662(RootLogger)
        1    0.000    0.000    0.000    0.000 attrsettr.py:10(AttributeSetter)
        1    0.000    0.000    0.000    0.000 {built-in method _hashlib.openssl_sha256}
        1    0.000    0.000    0.000    0.000 {built-in method _hashlib.openssl_sha384}
        1    0.000    0.000    0.000    0.000 error.py:94(Again)
        1    0.000    0.000    0.000    0.000 error.py:110(InterruptedSystemCall)
        1    0.000    0.000    0.000    0.000 error.py:149(ZMQVersionError)
        1    0.000    0.000    0.000    0.000 copy.py:55(Error)
        1    0.000    0.000    0.000    0.000 random.py:669(SystemRandom)
        1    0.000    0.000    0.000    0.000 pickle.py:64(PickleError)
        1    0.000    0.000    0.000    0.000 pickle.py:88(_Stop)
        1    0.000    0.000    0.000    0.000 pickle.py:247(_Unframer)
        1    0.000    0.000    0.000    0.000 __init__.py:151(py_object)
        1    0.000    0.000    0.000    0.000 __init__.py:160(c_short)
        1    0.000    0.000    0.000    0.000 __init__.py:181(c_int)
        1    0.000    0.000    0.000    0.000 __init__.py:185(c_uint)
        1    0.000    0.000    0.000    0.000 __init__.py:218(c_ubyte)
        1    0.000    0.000    0.000    0.000 __init__.py:319(CDLL)
        2    0.000    0.000    0.000    0.000 __init__.py:428(__init__)
        1    0.000    0.000    0.000    0.000 select.py:1(<module>)
        1    0.000    0.000    0.000    0.000 threading.py:243(__exit__)
        1    0.000    0.000    0.000    0.000 threading.py:255(_is_owned)
        1    0.000    0.000    0.000    0.000 threading.py:450(BoundedSemaphore)
        1    0.000    0.000    0.000    0.000 threading.py:896(_set_ident)
        1    0.000    0.000    0.000    0.000 threading.py:1153(Timer)
        1    0.000    0.000    0.000    0.000 threading.py:1183(_MainThread)
        1    0.000    0.000    0.000    0.000 tokenize.py:108(any)
        1    0.000    0.000    0.000    0.000 selectors.py:60(_SelectorMapping)
        1    0.000    0.000    0.000    0.000 selectors.py:206(_BaseSelectorImpl)
        1    0.000    0.000    0.000    0.000 sre_parse.py:288(seek)
        1    0.000    0.000    0.000    0.000 {method 'index' of 'tuple' objects}
        2    0.000    0.000    0.000    0.000 {method 'clear' of 'dict' objects}
        4    0.000    0.000    0.000    0.000 {built-in method _sre.ascii_iscased}
        1    0.000    0.000    0.000    0.000 {method '__exit__' of '_thread.lock' objects}
        1    0.000    0.000    0.000    0.000 {built-in method sys.getdlopenflags}
        1    0.000    0.000    0.000    0.000 {built-in method builtins.iter}
        1    0.000    0.000    0.000    0.000 __init__.py:4(<module>)
        1    0.000    0.000    0.000    0.000 pathlib.py:386(_Accessor)
        1    0.000    0.000    0.000    0.000 pathlib.py:489(_TerminatingSelector)
        1    0.000    0.000    0.000    0.000 pathlib.py:511(_WildcardSelector)
        1    0.000    0.000    0.000    0.000 pathlib.py:540(_RecursiveWildcardSelector)
        1    0.000    0.000    0.000    0.000 pathlib.py:980(PureWindowsPath)
        1    0.000    0.000    0.000    0.000 pathlib.py:1484(WindowsPath)
        1    0.000    0.000    0.000    0.000 parse.py:310(DefragResult)
        1    0.000    0.000    0.000    0.000 parse.py:323(ParseResult)
        1    0.000    0.000    0.000    0.000 parse.py:342(ParseResultBytes)
        1    0.000    0.000    0.000    0.000 ns_enum.py:11(ns)
        1    0.000    0.000    0.000    0.000 argparse.py:211(_Section)
        2    0.000    0.000    0.000    0.000 argparse.py:614(<listcomp>)
        1    0.000    0.000    0.000    0.000 argparse.py:687(ArgumentDefaultsHelpFormatter)
        1    0.000    0.000    0.000    0.000 argparse.py:704(MetavarTypeHelpFormatter)
        1    0.000    0.000    0.000    0.000 argparse.py:915(_StoreTrueAction)
        1    0.000    0.000    0.000    0.000 argparse.py:932(_StoreFalseAction)
        1    0.000    0.000    0.000    0.000 argparse.py:1014(_CountAction)
        1    0.000    0.000    0.000    0.000 argparse.py:1037(_HelpAction)
        1    0.000    0.000    0.000    0.000 argparse.py:1056(_VersionAction)
        1    0.000    0.000    0.000    0.000 argparse.py:1595(_MutuallyExclusiveGroup)
        1    0.000    0.000    0.000    0.000 argparse.py:1672(identity)
        2    0.000    0.000    0.000    0.000 argparse.py:2435(_check_value)
        5    0.000    0.000    0.000    0.000 {method 'setter' of 'PySide2.QtCore.Property' objects}
        1    0.000    0.000    0.000    0.000 zipfile.py:38(BadZipFile)
        1    0.000    0.000    0.000    0.000 zipfile.py:42(LargeZipFile)
        1    0.000    0.000    0.000    0.000 zipfile.py:615(LZMADecompressor)
        1    0.000    0.000    0.000    0.000 shutil.py:55(Error)
        1    0.000    0.000    0.000    0.000 shutil.py:61(SpecialFileError)
        1    0.000    0.000    0.000    0.000 shutil.py:65(ExecError)
        1    0.000    0.000    0.000    0.000 shutil.py:71(RegistryError)
        1    0.000    0.000    0.000    0.000 cbor.py:243(Tag)
        1    0.000    0.000    0.000    0.000 tagmap.py:11(ClassTag)
        1    0.000    0.000    0.000    0.000 tagmap.py:141(UnknownTagException)
        1    0.000    0.000    0.000    0.000 VERSION.py:1(<module>)
        1    0.000    0.000    0.000    0.000 inspect.py:878(EndOfBlock)
        1    0.000    0.000    0.000    0.000 inspect.py:2403(_empty)
        1    0.000    0.000    0.000    0.000 zmq_client.py:1301(_isTemporaryAlias)
        1    0.000    0.000    0.000    0.000 typing.py:283(_Immutable)
        1    0.000    0.000    0.000    0.000 typing.py:486(TypeVar)
        1    0.000    0.000    0.000    0.000 typing.py:882(_TypingEmpty)
        1    0.000    0.000    0.000    0.000 typing.py:889(_TypingEllipsis)
        1    0.000    0.000    0.000    0.000 typing.py:1349(NamedTupleMeta)
        1    0.000    0.000    0.000    0.000 protocol.py:406(Crc8Layer)
        1    0.000    0.000    0.000    0.000 protocol.py:498(Iterator)
        1    0.000    0.000    0.000    0.000 protocol.py:540(RawLayer)
        1    0.000    0.000    0.000    0.000 predefined.py:146(PredefinedCrc)
        5    0.000    0.000    0.000    0.000 datetime.py:426(_check_tzinfo_arg)
        1    0.000    0.000    0.000    0.000 deprecated.py:61(PySideDeprecationWarningRemovedInQt6)
        1    0.000    0.000    0.000    0.000 enum_sig.py:201(HintingEnumerator)
        1    0.000    0.000    0.000    0.000 dis.py:199(Instruction)
        1    0.000    0.000    0.000    0.000 mapping.py:60(ellipsis)
        1    0.000    0.000    0.000    0.000 mapping.py:92(_NotCalled)
        1    0.000    0.000    0.000    0.000 mapping.py:124(Virtual)
        1    0.000    0.000    0.000    0.000 mapping.py:128(Missing)
        1    0.000    0.000    0.000    0.000 mapping.py:136(Invalid)
        1    0.000    0.000    0.000    0.000 mapping.py:140(Default)
        1    0.000    0.000    0.000    0.000 mapping.py:144(Instance)
        1    0.000    0.000    0.000    0.000 mapping.py:148(_Parameterized)
        1    0.000    0.000    0.000    0.000 mapping.py:158(ResultVariable)
        1    0.000    0.000    0.000    0.000 mapping.py:176(__init__)
        1    0.000    0.000    0.000    0.000 serialutil.py:90(SerialException)
        1    0.000    0.000    0.000    0.000 serialutil.py:94(SerialTimeoutException)
        1    0.000    0.000    0.000    0.000 serialposix.py:720(PosixPollSerial)
        1    0.000    0.000    0.000    0.000 __init__.py:409(PercentStyle)
        1    0.000    0.000    0.000    0.000 __init__.py:433(StringTemplateStyle)
        1    0.000    0.000    0.000    0.000 __init__.py:632(BufferingFormatter)
        1    0.000    0.000    0.000    0.000 __init__.py:1065(FileHandler)
        1    0.000    0.000    0.000    0.000 __init__.py:1158(PlaceHolder)
        1    0.000    0.000    0.000    0.000 __init__.py:1200(Manager)
        1    0.000    0.000    0.000    0.000 context.py:208(_socket_class)
        1    0.000    0.000    0.000    0.000 {built-in method _hashlib.openssl_sha512}
        1    0.000    0.000    0.000    0.000 error.py:9(ZMQBaseError)
        1    0.000    0.000    0.000    0.000 error.py:13(ZMQError)
        1    0.000    0.000    0.000    0.000 error.py:64(ZMQBindError)
        1    0.000    0.000    0.000    0.000 error.py:74(NotDone)
        1    0.000    0.000    0.000    0.000 pickle.py:68(PicklingError)
        1    0.000    0.000    0.000    0.000 pickle.py:75(UnpicklingError)
        1    0.000    0.000    0.000    0.000 __init__.py:164(c_ushort)
        1    0.000    0.000    0.000    0.000 __init__.py:168(c_long)
        1    0.000    0.000    0.000    0.000 __init__.py:172(c_ulong)
        1    0.000    0.000    0.000    0.000 __init__.py:189(c_float)
        1    0.000    0.000    0.000    0.000 __init__.py:193(c_double)
        1    0.000    0.000    0.000    0.000 __init__.py:197(c_longdouble)
        1    0.000    0.000    0.000    0.000 __init__.py:225(c_byte)
        1    0.000    0.000    0.000    0.000 __init__.py:230(c_char)
        1    0.000    0.000    0.000    0.000 __init__.py:235(c_char_p)
        1    0.000    0.000    0.000    0.000 __init__.py:241(c_void_p)
        1    0.000    0.000    0.000    0.000 __init__.py:246(c_bool)
        1    0.000    0.000    0.000    0.000 __init__.py:251(c_wchar_p)
        1    0.000    0.000    0.000    0.000 __init__.py:256(c_wchar)
        1    0.000    0.000    0.000    0.000 __init__.py:358(_FuncPtr)
        1    0.000    0.000    0.000    0.000 __init__.py:387(PyDLL)
        1    0.000    0.000    0.000    0.000 _endian.py:23(_swapped_meta)
        1    0.000    0.000    0.000    0.000 _endian.py:46(BigEndianStructure)
        1    0.000    0.000    0.000    0.000 threading.py:721(BrokenBarrierError)
        1    0.000    0.000    0.000    0.000 threading.py:1116(daemon)
        1    0.000    0.000    0.000    0.000 tokenize.py:212(TokenError)
        1    0.000    0.000    0.000    0.000 tokenize.py:214(StopTokenizing)
        1    0.000    0.000    0.000    0.000 subprocess.py:57(SubprocessError)


